{"meta": {"format": 3, "version": "7.13.5", "timestamp": "2026-06-10T02:24:17.714540", "branch_coverage": false, "show_contexts": false}, "files": {"src/__init__.py": {"executed_lines": [], "summary": {"covered_lines": 0, "num_statements": 0, "percent_covered": 100.0, "percent_covered_display": "100", "missing_lines": 0, "excluded_lines": 0, "percent_statements_covered": 100.0, "percent_statements_covered_display": "100"}, "missing_lines": [], "excluded_lines": [], "functions": {"": {"executed_lines": [], "summary": {"covered_lines": 0, "num_statements": 0, "percent_covered": 100.0, "percent_covered_display": "100", "missing_lines": 0, "excluded_lines": 0, "percent_statements_covered": 100.0, "percent_statements_covered_display": "100"}, "missing_lines": [], "excluded_lines": [], "start_line": 1}}, "classes": {"": {"executed_lines": [], "summary": {"covered_lines": 0, "num_statements": 0, "percent_covered": 100.0, "percent_covered_display": "100", "missing_lines": 0, "excluded_lines": 0, "percent_statements_covered": 100.0, "percent_statements_covered_display": "100"}, "missing_lines": [], "excluded_lines": [], "start_line": 1}}}, "src/config/__init__.py": {"executed_lines": [5, 7], "summary": {"covered_lines": 2, "num_statements": 2, "percent_covered": 100.0, "percent_covered_display": "100", "missing_lines": 0, "excluded_lines": 0, "percent_statements_covered": 100.0, "percent_statements_covered_display": "100"}, "missing_lines": [], "excluded_lines": [], "functions": {"": {"executed_lines": [5, 7], "summary": {"covered_lines": 2, "num_statements": 2, "percent_covered": 100.0, "percent_covered_display": "100", "missing_lines": 0, "excluded_lines": 0, "percent_statements_covered": 100.0, "percent_statements_covered_display": "100"}, "missing_lines": [], "excluded_lines": [], "start_line": 1}}, "classes": {"": {"executed_lines": [5, 7], "summary": {"covered_lines": 2, "num_statements": 2, "percent_covered": 100.0, "percent_covered_display": "100", "missing_lines": 0, "excluded_lines": 0, "percent_statements_covered": 100.0, "percent_statements_covered_display": "100"}, "missing_lines": [], "excluded_lines": [], "start_line": 1}}}, "src/config/api_router.py": {"executed_lines": [3, 4, 6, 14, 16, 17, 18, 21, 24, 26], "summary": {"covered_lines": 10, "num_statements": 10, "percent_covered": 100.0, "percent_covered_display": "100", "missing_lines": 0, "excluded_lines": 0, "percent_statements_covered": 100.0, "percent_statements_covered_display": "100"}, "missing_lines": [], "excluded_lines": [], "functions": {"": {"executed_lines": [3, 4, 6, 14, 16, 17, 18, 21, 24, 26], "summary": {"covered_lines": 10, "num_statements": 10, "percent_covered": 100.0, "percent_covered_display": "100", "missing_lines": 0, "excluded_lines": 0, "percent_statements_covered": 100.0, "percent_statements_covered_display": "100"}, "missing_lines": [], "excluded_lines": [], "start_line": 1}}, "classes": {"": {"executed_lines": [3, 4, 6, 14, 16, 17, 18, 21, 24, 26], "summary": {"covered_lines": 10, "num_statements": 10, "percent_covered": 100.0, "percent_covered_display": "100", "missing_lines": 0, "excluded_lines": 0, "percent_statements_covered": 100.0, "percent_statements_covered_display": "100"}, "missing_lines": [], "excluded_lines": [], "start_line": 1}}}, "src/config/asgi.py": {"executed_lines": [], "summary": {"covered_lines": 0, "num_statements": 8, "percent_covered": 0.0, "percent_covered_display": "0", "missing_lines": 8, "excluded_lines": 0, "percent_statements_covered": 0.0, "percent_statements_covered_display": "0"}, "missing_lines": [10, 11, 12, 14, 17, 18, 20, 22], "excluded_lines": [], "functions": {"": {"executed_lines": [], "summary": {"covered_lines": 0, "num_statements": 8, "percent_covered": 0.0, "percent_covered_display": "0", "missing_lines": 8, "excluded_lines": 0, "percent_statements_covered": 0.0, "percent_statements_covered_display": "0"}, "missing_lines": [10, 11, 12, 14, 17, 18, 20, 22], "excluded_lines": [], "start_line": 1}}, "classes": {"": {"executed_lines": [], "summary": {"covered_lines": 0, "num_statements": 8, "percent_covered": 0.0, "percent_covered_display": "0", "missing_lines": 8, "excluded_lines": 0, "percent_statements_covered": 0.0, "percent_statements_covered_display": "0"}, "missing_lines": [10, 11, 12, 14, 17, 18, 20, 22], "excluded_lines": [], "start_line": 1}}}, "src/config/celery_app.py": {"executed_lines": [3, 4, 5, 7, 10, 11, 14, 16, 19, 22], "summary": {"covered_lines": 10, "num_statements": 10, "percent_covered": 100.0, "percent_covered_display": "100", "missing_lines": 0, "excluded_lines": 0, "percent_statements_covered": 100.0, "percent_statements_covered_display": "100"}, "missing_lines": [], "excluded_lines": [], "functions": {"": {"executed_lines": [3, 4, 5, 7, 10, 11, 14, 16, 19, 22], "summary": {"covered_lines": 10, "num_statements": 10, "percent_covered": 100.0, "percent_covered_display": "100", "missing_lines": 0, "excluded_lines": 0, "percent_statements_covered": 100.0, "percent_statements_covered_display": "100"}, "missing_lines": [], "excluded_lines": [], "start_line": 1}}, "classes": {"": {"executed_lines": [3, 4, 5, 7, 10, 11, 14, 16, 19, 22], "summary": {"covered_lines": 10, "num_statements": 10, "percent_covered": 100.0, "percent_covered_display": "100", "missing_lines": 0, "excluded_lines": 0, "percent_statements_covered": 100.0, "percent_statements_covered_display": "100"}, "missing_lines": [], "excluded_lines": [], "start_line": 1}}}, "src/config/settings/__init__.py": {"executed_lines": [3, 9, 10, 12, 13, 17, 19, 20], "summary": {"covered_lines": 8, "num_statements": 12, "percent_covered": 66.66666666666667, "percent_covered_display": "67", "missing_lines": 4, "excluded_lines": 0, "percent_statements_covered": 66.66666666666667, "percent_statements_covered_display": "67"}, "missing_lines": [11, 15, 18, 22], "excluded_lines": [], "functions": {"": {"executed_lines": [3, 9, 10, 12, 13, 17, 19, 20], "summary": {"covered_lines": 8, "num_statements": 12, "percent_covered": 66.66666666666667, "percent_covered_display": "67", "missing_lines": 4, "excluded_lines": 0, "percent_statements_covered": 66.66666666666667, "percent_statements_covered_display": "67"}, "missing_lines": [11, 15, 18, 22], "excluded_lines": [], "start_line": 1}}, "classes": {"": {"executed_lines": [3, 9, 10, 12, 13, 17, 19, 20], "summary": {"covered_lines": 8, "num_statements": 12, "percent_covered": 66.66666666666667, "percent_covered_display": "67", "missing_lines": 4, "excluded_lines": 0, "percent_statements_covered": 66.66666666666667, "percent_statements_covered_display": "67"}, "missing_lines": [11, 15, 18, 22], "excluded_lines": [], "start_line": 1}}}, "src/config/settings/base.py": {"executed_lines": [3, 4, 5, 7, 8, 9, 14, 17, 20, 23, 24, 28, 43, 55, 57, 74, 77, 89, 99, 100, 101, 102, 105, 106, 107, 110, 111, 114, 117, 129, 130, 133, 134, 135, 136, 139, 155, 158, 161, 162, 165, 166], "summary": {"covered_lines": 42, "num_statements": 43, "percent_covered": 97.67441860465117, "percent_covered_display": "98", "missing_lines": 1, "excluded_lines": 0, "percent_statements_covered": 97.67441860465117, "percent_statements_covered_display": "98"}, "missing_lines": [25], "excluded_lines": [], "functions": {"": {"executed_lines": [3, 4, 5, 7, 8, 9, 14, 17, 20, 23, 24, 28, 43, 55, 57, 74, 77, 89, 99, 100, 101, 102, 105, 106, 107, 110, 111, 114, 117, 129, 130, 133, 134, 135, 136, 139, 155, 158, 161, 162, 165, 166], "summary": {"covered_lines": 42, "num_statements": 43, "percent_covered": 97.67441860465117, "percent_covered_display": "98", "missing_lines": 1, "excluded_lines": 0, "percent_statements_covered": 97.67441860465117, "percent_statements_covered_display": "98"}, "missing_lines": [25], "excluded_lines": [], "start_line": 1}}, "classes": {"": {"executed_lines": [3, 4, 5, 7, 8, 9, 14, 17, 20, 23, 24, 28, 43, 55, 57, 74, 77, 89, 99, 100, 101, 102, 105, 106, 107, 110, 111, 114, 117, 129, 130, 133, 134, 135, 136, 139, 155, 158, 161, 162, 165, 166], "summary": {"covered_lines": 42, "num_statements": 43, "percent_covered": 97.67441860465117, "percent_covered_display": "98", "missing_lines": 1, "excluded_lines": 0, "percent_statements_covered": 97.67441860465117, "percent_statements_covered_display": "98"}, "missing_lines": [25], "excluded_lines": [], "start_line": 1}}}, "src/config/settings/local.py": {"executed_lines": [], "summary": {"covered_lines": 0, "num_statements": 9, "percent_covered": 0.0, "percent_covered_display": "0", "missing_lines": 9, "excluded_lines": 0, "percent_statements_covered": 0.0, "percent_statements_covered_display": "0"}, "missing_lines": [3, 5, 7, 10, 18, 22, 25, 26, 27], "excluded_lines": [], "functions": {"": {"executed_lines": [], "summary": {"covered_lines": 0, "num_statements": 9, "percent_covered": 0.0, "percent_covered_display": "0", "missing_lines": 9, "excluded_lines": 0, "percent_statements_covered": 0.0, "percent_statements_covered_display": "0"}, "missing_lines": [3, 5, 7, 10, 18, 22, 25, 26, 27], "excluded_lines": [], "start_line": 1}}, "classes": {"": {"executed_lines": [], "summary": {"covered_lines": 0, "num_statements": 9, "percent_covered": 0.0, "percent_covered_display": "0", "missing_lines": 9, "excluded_lines": 0, "percent_statements_covered": 0.0, "percent_statements_covered_display": "0"}, "missing_lines": [3, 5, 7, 10, 18, 22, 25, 26, 27], "excluded_lines": [], "start_line": 1}}}, "src/config/settings/production.py": {"executed_lines": [], "summary": {"covered_lines": 0, "num_statements": 21, "percent_covered": 0.0, "percent_covered_display": "0", "missing_lines": 21, "excluded_lines": 0, "percent_statements_covered": 0.0, "percent_statements_covered_display": "0"}, "missing_lines": [3, 5, 8, 11, 16, 17, 18, 19, 20, 21, 22, 25, 26, 27, 30, 31, 32, 33, 34, 35, 38], "excluded_lines": [], "functions": {"": {"executed_lines": [], "summary": {"covered_lines": 0, "num_statements": 21, "percent_covered": 0.0, "percent_covered_display": "0", "missing_lines": 21, "excluded_lines": 0, "percent_statements_covered": 0.0, "percent_statements_covered_display": "0"}, "missing_lines": [3, 5, 8, 11, 16, 17, 18, 19, 20, 21, 22, 25, 26, 27, 30, 31, 32, 33, 34, 35, 38], "excluded_lines": [], "start_line": 1}}, "classes": {"": {"executed_lines": [], "summary": {"covered_lines": 0, "num_statements": 21, "percent_covered": 0.0, "percent_covered_display": "0", "missing_lines": 21, "excluded_lines": 0, "percent_statements_covered": 0.0, "percent_statements_covered_display": "0"}, "missing_lines": [3, 5, 8, 11, 16, 17, 18, 19, 20, 21, 22, 25, 26, 27, 30, 31, 32, 33, 34, 35, 38], "excluded_lines": [], "start_line": 1}}}, "src/config/settings/test.py": {"executed_lines": [3, 5, 8, 17, 18, 19, 21, 22, 25, 28, 33, 34, 37], "summary": {"covered_lines": 13, "num_statements": 13, "percent_covered": 100.0, "percent_covered_display": "100", "missing_lines": 0, "excluded_lines": 0, "percent_statements_covered": 100.0, "percent_statements_covered_display": "100"}, "missing_lines": [], "excluded_lines": [], "functions": {"DisableMigrations.__contains__": {"executed_lines": [19], "summary": {"covered_lines": 1, "num_statements": 1, "percent_covered": 100.0, "percent_covered_display": "100", "missing_lines": 0, "excluded_lines": 0, "percent_statements_covered": 100.0, "percent_statements_covered_display": "100"}, "missing_lines": [], "excluded_lines": [], "start_line": 18}, "DisableMigrations.__getitem__": {"executed_lines": [22], "summary": {"covered_lines": 1, "num_statements": 1, "percent_covered": 100.0, "percent_covered_display": "100", "missing_lines": 0, "excluded_lines": 0, "percent_statements_covered": 100.0, "percent_statements_covered_display": "100"}, "missing_lines": [], "excluded_lines": [], "start_line": 21}, "": {"executed_lines": [3, 5, 8, 17, 18, 21, 25, 28, 33, 34, 37], "summary": {"covered_lines": 11, "num_statements": 11, "percent_covered": 100.0, "percent_covered_display": "100", "missing_lines": 0, "excluded_lines": 0, "percent_statements_covered": 100.0, "percent_statements_covered_display": "100"}, "missing_lines": [], "excluded_lines": [], "start_line": 1}}, "classes": {"DisableMigrations": {"executed_lines": [19, 22], "summary": {"covered_lines": 2, "num_statements": 2, "percent_covered": 100.0, "percent_covered_display": "100", "missing_lines": 0, "excluded_lines": 0, "percent_statements_covered": 100.0, "percent_statements_covered_display": "100"}, "missing_lines": [], "excluded_lines": [], "start_line": 17}, "": {"executed_lines": [3, 5, 8, 17, 18, 21, 25, 28, 33, 34, 37], "summary": {"covered_lines": 11, "num_statements": 11, "percent_covered": 100.0, "percent_covered_display": "100", "missing_lines": 0, "excluded_lines": 0, "percent_statements_covered": 100.0, "percent_statements_covered_display": "100"}, "missing_lines": [], "excluded_lines": [], "start_line": 1}}}, "src/config/urls.py": {"executed_lines": [3, 4, 5, 6, 7, 9, 11, 13, 53], "summary": {"covered_lines": 9, "num_statements": 14, "percent_covered": 64.28571428571429, "percent_covered_display": "64", "missing_lines": 5, "excluded_lines": 0, "percent_statements_covered": 64.28571428571429, "percent_statements_covered_display": "64"}, "missing_lines": [54, 55, 58, 59, 61], "excluded_lines": [], "functions": {"": {"executed_lines": [3, 4, 5, 6, 7, 9, 11, 13, 53], "summary": {"covered_lines": 9, "num_statements": 14, "percent_covered": 64.28571428571429, "percent_covered_display": "64", "missing_lines": 5, "excluded_lines": 0, "percent_statements_covered": 64.28571428571429, "percent_statements_covered_display": "64"}, "missing_lines": [54, 55, 58, 59, 61], "excluded_lines": [], "start_line": 1}}, "classes": {"": {"executed_lines": [3, 4, 5, 6, 7, 9, 11, 13, 53], "summary": {"covered_lines": 9, "num_statements": 14, "percent_covered": 64.28571428571429, "percent_covered_display": "64", "missing_lines": 5, "excluded_lines": 0, "percent_statements_covered": 64.28571428571429, "percent_statements_covered_display": "64"}, "missing_lines": [54, 55, 58, 59, 61], "excluded_lines": [], "start_line": 1}}}, "src/config/views.py": {"executed_lines": [1, 3, 4, 5, 6, 7, 8, 10, 15, 16, 24, 25, 26, 27, 34, 39, 40, 41, 44, 47, 51, 52, 54, 57, 62, 63, 66, 67, 68, 69, 70, 71, 72, 73, 76, 79, 84, 90, 91, 93, 94, 96, 113, 116, 134, 135, 136, 137, 138, 139, 140, 141, 142, 144, 146, 148, 149, 150, 165, 166, 167, 168, 169, 170, 171, 174, 175], "summary": {"covered_lines": 67, "num_statements": 85, "percent_covered": 78.82352941176471, "percent_covered_display": "79", "missing_lines": 18, "excluded_lines": 0, "percent_statements_covered": 78.82352941176471, "percent_statements_covered_display": "79"}, "missing_lines": [28, 29, 30, 31, 120, 121, 122, 123, 124, 125, 128, 130, 131, 179, 180, 181, 182, 183], "excluded_lines": [], "functions": {"get_sort_date": {"executed_lines": [25, 26, 27], "summary": {"covered_lines": 3, "num_statements": 7, "percent_covered": 42.857142857142854, "percent_covered_display": "43", "missing_lines": 4, "excluded_lines": 0, "percent_statements_covered": 42.857142857142854, "percent_statements_covered_display": "43"}, "missing_lines": [28, 29, 30, 31], "excluded_lines": [], "start_line": 24}, "home": {"executed_lines": [39, 40, 41, 44, 47, 51, 52, 54, 57, 62, 63, 66, 67, 68, 69, 70, 71, 72, 73, 76, 79, 84, 90, 91, 93, 94, 96, 113], "summary": {"covered_lines": 28, "num_statements": 28, "percent_covered": 100.0, "percent_covered_display": "100", "missing_lines": 0, "excluded_lines": 0, "percent_statements_covered": 100.0, "percent_statements_covered_display": "100"}, "missing_lines": [], "excluded_lines": [], "start_line": 34}, "register": {"executed_lines": [], "summary": {"covered_lines": 0, "num_statements": 9, "percent_covered": 0.0, "percent_covered_display": "0", "missing_lines": 9, "excluded_lines": 0, "percent_statements_covered": 0.0, "percent_statements_covered_display": "0"}, "missing_lines": [120, 121, 122, 123, 124, 125, 128, 130, 131], "excluded_lines": [], "start_line": 116}, "profile": {"executed_lines": [136, 137, 138, 139, 140, 141, 142, 144, 146, 148, 149, 150], "summary": {"covered_lines": 12, "num_statements": 12, "percent_covered": 100.0, "percent_covered_display": "100", "missing_lines": 0, "excluded_lines": 0, "percent_statements_covered": 100.0, "percent_statements_covered_display": "100"}, "missing_lines": [], "excluded_lines": [], "start_line": 135}, "delete_account": {"executed_lines": [168, 169, 170, 171], "summary": {"covered_lines": 4, "num_statements": 4, "percent_covered": 100.0, "percent_covered_display": "100", "missing_lines": 0, "excluded_lines": 0, "percent_statements_covered": 100.0, "percent_statements_covered_display": "100"}, "missing_lines": [], "excluded_lines": [], "start_line": 167}, "onboarding": {"executed_lines": [], "summary": {"covered_lines": 0, "num_statements": 5, "percent_covered": 0.0, "percent_covered_display": "0", "missing_lines": 5, "excluded_lines": 0, "percent_statements_covered": 0.0, "percent_statements_covered_display": "0"}, "missing_lines": [179, 180, 181, 182, 183], "excluded_lines": [], "start_line": 175}, "": {"executed_lines": [1, 3, 4, 5, 6, 7, 8, 10, 15, 16, 24, 34, 116, 134, 135, 165, 166, 167, 174, 175], "summary": {"covered_lines": 20, "num_statements": 20, "percent_covered": 100.0, "percent_covered_display": "100", "missing_lines": 0, "excluded_lines": 0, "percent_statements_covered": 100.0, "percent_statements_covered_display": "100"}, "missing_lines": [], "excluded_lines": [], "start_line": 1}}, "classes": {"": {"executed_lines": [1, 3, 4, 5, 6, 7, 8, 10, 15, 16, 24, 25, 26, 27, 34, 39, 40, 41, 44, 47, 51, 52, 54, 57, 62, 63, 66, 67, 68, 69, 70, 71, 72, 73, 76, 79, 84, 90, 91, 93, 94, 96, 113, 116, 134, 135, 136, 137, 138, 139, 140, 141, 142, 144, 146, 148, 149, 150, 165, 166, 167, 168, 169, 170, 171, 174, 175], "summary": {"covered_lines": 67, "num_statements": 85, "percent_covered": 78.82352941176471, "percent_covered_display": "79", "missing_lines": 18, "excluded_lines": 0, "percent_statements_covered": 78.82352941176471, "percent_statements_covered_display": "79"}, "missing_lines": [28, 29, 30, 31, 120, 121, 122, 123, 124, 125, 128, 130, 131, 179, 180, 181, 182, 183], "excluded_lines": [], "start_line": 1}}}, "src/config/wsgi.py": {"executed_lines": [], "summary": {"covered_lines": 0, "num_statements": 8, "percent_covered": 0.0, "percent_covered_display": "0", "missing_lines": 8, "excluded_lines": 0, "percent_statements_covered": 0.0, "percent_statements_covered_display": "0"}, "missing_lines": [10, 11, 12, 14, 17, 18, 20, 22], "excluded_lines": [], "functions": {"": {"executed_lines": [], "summary": {"covered_lines": 0, "num_statements": 8, "percent_covered": 0.0, "percent_covered_display": "0", "missing_lines": 8, "excluded_lines": 0, "percent_statements_covered": 0.0, "percent_statements_covered_display": "0"}, "missing_lines": [10, 11, 12, 14, 17, 18, 20, 22], "excluded_lines": [], "start_line": 1}}, "classes": {"": {"executed_lines": [], "summary": {"covered_lines": 0, "num_statements": 8, "percent_covered": 0.0, "percent_covered_display": "0", "missing_lines": 8, "excluded_lines": 0, "percent_statements_covered": 0.0, "percent_statements_covered_display": "0"}, "missing_lines": [10, 11, 12, 14, 17, 18, 20, 22], "excluded_lines": [], "start_line": 1}}}, "src/fastapi_services/__init__.py": {"executed_lines": [], "summary": {"covered_lines": 0, "num_statements": 0, "percent_covered": 100.0, "percent_covered_display": "100", "missing_lines": 0, "excluded_lines": 0, "percent_statements_covered": 100.0, "percent_statements_covered_display": "100"}, "missing_lines": [], "excluded_lines": [], "functions": {"": {"executed_lines": [], "summary": {"covered_lines": 0, "num_statements": 0, "percent_covered": 100.0, "percent_covered_display": "100", "missing_lines": 0, "excluded_lines": 0, "percent_statements_covered": 100.0, "percent_statements_covered_display": "100"}, "missing_lines": [], "excluded_lines": [], "start_line": 1}}, "classes": {"": {"executed_lines": [], "summary": {"covered_lines": 0, "num_statements": 0, "percent_covered": 100.0, "percent_covered_display": "100", "missing_lines": 0, "excluded_lines": 0, "percent_statements_covered": 100.0, "percent_statements_covered_display": "100"}, "missing_lines": [], "excluded_lines": [], "start_line": 1}}}, "src/fastapi_services/main.py": {"executed_lines": [], "summary": {"covered_lines": 0, "num_statements": 14, "percent_covered": 0.0, "percent_covered_display": "0", "missing_lines": 14, "excluded_lines": 0, "percent_statements_covered": 0.0, "percent_statements_covered_display": "0"}, "missing_lines": [1, 3, 5, 6, 7, 8, 11, 12, 14, 15, 18, 25, 26, 30], "excluded_lines": [], "functions": {"lifespan": {"executed_lines": [], "summary": {"covered_lines": 0, "num_statements": 2, "percent_covered": 0.0, "percent_covered_display": "0", "missing_lines": 2, "excluded_lines": 0, "percent_statements_covered": 0.0, "percent_statements_covered_display": "0"}, "missing_lines": [14, 15], "excluded_lines": [], "start_line": 12}, "": {"executed_lines": [], "summary": {"covered_lines": 0, "num_statements": 12, "percent_covered": 0.0, "percent_covered_display": "0", "missing_lines": 12, "excluded_lines": 0, "percent_statements_covered": 0.0, "percent_statements_covered_display": "0"}, "missing_lines": [1, 3, 5, 6, 7, 8, 11, 12, 18, 25, 26, 30], "excluded_lines": [], "start_line": 1}}, "classes": {"": {"executed_lines": [], "summary": {"covered_lines": 0, "num_statements": 14, "percent_covered": 0.0, "percent_covered_display": "0", "missing_lines": 14, "excluded_lines": 0, "percent_statements_covered": 0.0, "percent_statements_covered_display": "0"}, "missing_lines": [1, 3, 5, 6, 7, 8, 11, 12, 14, 15, 18, 25, 26, 30], "excluded_lines": [], "start_line": 1}}}, "src/fastapi_services/mcp/__init__.py": {"executed_lines": [], "summary": {"covered_lines": 0, "num_statements": 0, "percent_covered": 100.0, "percent_covered_display": "100", "missing_lines": 0, "excluded_lines": 0, "percent_statements_covered": 100.0, "percent_statements_covered_display": "100"}, "missing_lines": [], "excluded_lines": [], "functions": {"": {"executed_lines": [], "summary": {"covered_lines": 0, "num_statements": 0, "percent_covered": 100.0, "percent_covered_display": "100", "missing_lines": 0, "excluded_lines": 0, "percent_statements_covered": 100.0, "percent_statements_covered_display": "100"}, "missing_lines": [], "excluded_lines": [], "start_line": 1}}, "classes": {"": {"executed_lines": [], "summary": {"covered_lines": 0, "num_statements": 0, "percent_covered": 100.0, "percent_covered_display": "100", "missing_lines": 0, "excluded_lines": 0, "percent_statements_covered": 100.0, "percent_statements_covered_display": "100"}, "missing_lines": [], "excluded_lines": [], "start_line": 1}}}, "src/fastapi_services/mcp/config.py": {"executed_lines": [8, 9, 11, 13, 16, 17, 24, 27, 30, 36, 37, 44, 50, 57, 59, 60, 62, 71, 73, 78, 79, 81, 85, 86, 92, 93, 97, 98, 104], "summary": {"covered_lines": 29, "num_statements": 29, "percent_covered": 100.0, "percent_covered_display": "100", "missing_lines": 0, "excluded_lines": 0, "percent_statements_covered": 100.0, "percent_statements_covered_display": "100"}, "missing_lines": [], "excluded_lines": [], "functions": {"Settings.available_tools": {"executed_lines": [44, 50, 57], "summary": {"covered_lines": 3, "num_statements": 3, "percent_covered": 100.0, "percent_covered_display": "100", "missing_lines": 0, "excluded_lines": 0, "percent_statements_covered": 100.0, "percent_statements_covered_display": "100"}, "missing_lines": [], "excluded_lines": [], "start_line": 37}, "Settings.unavailable_tools": {"executed_lines": [62, 71], "summary": {"covered_lines": 2, "num_statements": 2, "percent_covered": 100.0, "percent_covered_display": "100", "missing_lines": 0, "excluded_lines": 0, "percent_statements_covered": 100.0, "percent_statements_covered_display": "100"}, "missing_lines": [], "excluded_lines": [], "start_line": 60}, "Settings.log_startup_status": {"executed_lines": [78, 79, 81, 85, 86, 92, 93, 97, 98], "summary": {"covered_lines": 9, "num_statements": 9, "percent_covered": 100.0, "percent_covered_display": "100", "missing_lines": 0, "excluded_lines": 0, "percent_statements_covered": 100.0, "percent_statements_covered_display": "100"}, "missing_lines": [], "excluded_lines": [], "start_line": 73}, "": {"executed_lines": [8, 9, 11, 13, 16, 17, 24, 27, 30, 36, 37, 59, 60, 73, 104], "summary": {"covered_lines": 15, "num_statements": 15, "percent_covered": 100.0, "percent_covered_display": "100", "missing_lines": 0, "excluded_lines": 0, "percent_statements_covered": 100.0, "percent_statements_covered_display": "100"}, "missing_lines": [], "excluded_lines": [], "start_line": 1}}, "classes": {"Settings": {"executed_lines": [44, 50, 57, 62, 71, 78, 79, 81, 85, 86, 92, 93, 97, 98], "summary": {"covered_lines": 14, "num_statements": 14, "percent_covered": 100.0, "percent_covered_display": "100", "missing_lines": 0, "excluded_lines": 0, "percent_statements_covered": 100.0, "percent_statements_covered_display": "100"}, "missing_lines": [], "excluded_lines": [], "start_line": 16}, "": {"executed_lines": [8, 9, 11, 13, 16, 17, 24, 27, 30, 36, 37, 59, 60, 73, 104], "summary": {"covered_lines": 15, "num_statements": 15, "percent_covered": 100.0, "percent_covered_display": "100", "missing_lines": 0, "excluded_lines": 0, "percent_statements_covered": 100.0, "percent_statements_covered_display": "100"}, "missing_lines": [], "excluded_lines": [], "start_line": 1}}}, "src/fastapi_services/mcp/main.py": {"executed_lines": [], "summary": {"covered_lines": 0, "num_statements": 28, "percent_covered": 0.0, "percent_covered_display": "0", "missing_lines": 28, "excluded_lines": 0, "percent_statements_covered": 0.0, "percent_statements_covered_display": "0"}, "missing_lines": [1, 3, 4, 7, 16, 19, 20, 21, 24, 25, 29, 30, 33, 35, 36, 38, 39, 41, 42, 44, 45, 47, 48, 50, 51, 54, 58, 59], "excluded_lines": [], "functions": {"execute_mcp_tool": {"executed_lines": [], "summary": {"covered_lines": 0, "num_statements": 18, "percent_covered": 0.0, "percent_covered_display": "0", "missing_lines": 18, "excluded_lines": 0, "percent_statements_covered": 0.0, "percent_statements_covered_display": "0"}, "missing_lines": [29, 30, 33, 35, 36, 38, 39, 41, 42, 44, 45, 47, 48, 50, 51, 54, 58, 59], "excluded_lines": [], "start_line": 25}, "": {"executed_lines": [], "summary": {"covered_lines": 0, "num_statements": 10, "percent_covered": 0.0, "percent_covered_display": "0", "missing_lines": 10, "excluded_lines": 0, "percent_statements_covered": 0.0, "percent_statements_covered_display": "0"}, "missing_lines": [1, 3, 4, 7, 16, 19, 20, 21, 24, 25], "excluded_lines": [], "start_line": 1}}, "classes": {"MCPRequest": {"executed_lines": [], "summary": {"covered_lines": 0, "num_statements": 0, "percent_covered": 100.0, "percent_covered_display": "100", "missing_lines": 0, "excluded_lines": 0, "percent_statements_covered": 100.0, "percent_statements_covered_display": "100"}, "missing_lines": [], "excluded_lines": [], "start_line": 19}, "": {"executed_lines": [], "summary": {"covered_lines": 0, "num_statements": 28, "percent_covered": 0.0, "percent_covered_display": "0", "missing_lines": 28, "excluded_lines": 0, "percent_statements_covered": 0.0, "percent_statements_covered_display": "0"}, "missing_lines": [1, 3, 4, 7, 16, 19, 20, 21, 24, 25, 29, 30, 33, 35, 36, 38, 39, 41, 42, 44, 45, 47, 48, 50, 51, 54, 58, 59], "excluded_lines": [], "start_line": 1}}}, "src/fastapi_services/mcp/server.py": {"executed_lines": [], "summary": {"covered_lines": 0, "num_statements": 25, "percent_covered": 0.0, "percent_covered_display": "0", "missing_lines": 25, "excluded_lines": 0, "percent_statements_covered": 0.0, "percent_statements_covered_display": "0"}, "missing_lines": [11, 13, 15, 24, 34, 35, 45, 48, 49, 72, 83, 84, 104, 114, 115, 123, 126, 127, 149, 160, 161, 171, 176, 177, 185], "excluded_lines": [], "functions": {"lookup_vehicle_details": {"executed_lines": [], "summary": {"covered_lines": 0, "num_statements": 1, "percent_covered": 0.0, "percent_covered_display": "0", "missing_lines": 1, "excluded_lines": 0, "percent_statements_covered": 0.0, "percent_statements_covered_display": "0"}, "missing_lines": [45], "excluded_lines": [], "start_line": 35}, "search_market_listings": {"executed_lines": [], "summary": {"covered_lines": 0, "num_statements": 1, "percent_covered": 0.0, "percent_covered_display": "0", "missing_lines": 1, "excluded_lines": 0, "percent_statements_covered": 0.0, "percent_statements_covered_display": "0"}, "missing_lines": [72], "excluded_lines": [], "start_line": 49}, "get_sales_stats": {"executed_lines": [], "summary": {"covered_lines": 0, "num_statements": 1, "percent_covered": 0.0, "percent_covered_display": "0", "missing_lines": 1, "excluded_lines": 0, "percent_statements_covered": 0.0, "percent_statements_covered_display": "0"}, "missing_lines": [104], "excluded_lines": [], "start_line": 84}, "get_sales_history_by_vin": {"executed_lines": [], "summary": {"covered_lines": 0, "num_statements": 1, "percent_covered": 0.0, "percent_covered_display": "0", "missing_lines": 1, "excluded_lines": 0, "percent_statements_covered": 0.0, "percent_statements_covered_display": "0"}, "missing_lines": [123], "excluded_lines": [], "start_line": 115}, "get_watch_valuation": {"executed_lines": [], "summary": {"covered_lines": 0, "num_statements": 1, "percent_covered": 0.0, "percent_covered_display": "0", "missing_lines": 1, "excluded_lines": 0, "percent_statements_covered": 0.0, "percent_statements_covered_display": "0"}, "missing_lines": [149], "excluded_lines": [], "start_line": 127}, "generate_vehicle_image": {"executed_lines": [], "summary": {"covered_lines": 0, "num_statements": 1, "percent_covered": 0.0, "percent_covered_display": "0", "missing_lines": 1, "excluded_lines": 0, "percent_statements_covered": 0.0, "percent_statements_covered_display": "0"}, "missing_lines": [171], "excluded_lines": [], "start_line": 161}, "search_google_images": {"executed_lines": [], "summary": {"covered_lines": 0, "num_statements": 1, "percent_covered": 0.0, "percent_covered_display": "0", "missing_lines": 1, "excluded_lines": 0, "percent_statements_covered": 0.0, "percent_statements_covered_display": "0"}, "missing_lines": [185], "excluded_lines": [], "start_line": 177}, "": {"executed_lines": [], "summary": {"covered_lines": 0, "num_statements": 18, "percent_covered": 0.0, "percent_covered_display": "0", "missing_lines": 18, "excluded_lines": 0, "percent_statements_covered": 0.0, "percent_statements_covered_display": "0"}, "missing_lines": [11, 13, 15, 24, 34, 35, 48, 49, 83, 84, 114, 115, 126, 127, 160, 161, 176, 177], "excluded_lines": [], "start_line": 1}}, "classes": {"": {"executed_lines": [], "summary": {"covered_lines": 0, "num_statements": 25, "percent_covered": 0.0, "percent_covered_display": "0", "missing_lines": 25, "excluded_lines": 0, "percent_statements_covered": 0.0, "percent_statements_covered_display": "0"}, "missing_lines": [11, 13, 15, 24, 34, 35, 45, 48, 49, 72, 83, 84, 104, 114, 115, 123, 126, 127, 149, 160, 161, 171, 176, 177, 185], "excluded_lines": [], "start_line": 1}}}, "src/fastapi_services/mcp/tools/__init__.py": {"executed_lines": [], "summary": {"covered_lines": 0, "num_statements": 1, "percent_covered": 0.0, "percent_covered_display": "0", "missing_lines": 1, "excluded_lines": 0, "percent_statements_covered": 0.0, "percent_statements_covered_display": "0"}, "missing_lines": [1], "excluded_lines": [], "functions": {"": {"executed_lines": [], "summary": {"covered_lines": 0, "num_statements": 1, "percent_covered": 0.0, "percent_covered_display": "0", "missing_lines": 1, "excluded_lines": 0, "percent_statements_covered": 0.0, "percent_statements_covered_display": "0"}, "missing_lines": [1], "excluded_lines": [], "start_line": 1}}, "classes": {"": {"executed_lines": [], "summary": {"covered_lines": 0, "num_statements": 1, "percent_covered": 0.0, "percent_covered_display": "0", "missing_lines": 1, "excluded_lines": 0, "percent_statements_covered": 0.0, "percent_statements_covered_display": "0"}, "missing_lines": [1], "excluded_lines": [], "start_line": 1}}}, "src/fastapi_services/mcp/tools/google_search.py": {"executed_lines": [], "summary": {"covered_lines": 0, "num_statements": 24, "percent_covered": 0.0, "percent_covered_display": "0", "missing_lines": 24, "excluded_lines": 0, "percent_statements_covered": 0.0, "percent_statements_covered_display": "0"}, "missing_lines": [1, 3, 4, 5, 8, 9, 12, 21, 23, 30, 31, 32, 34, 36, 44, 45, 47, 48, 50, 51, 52, 55, 57, 58], "excluded_lines": [], "functions": {"search_google_images": {"executed_lines": [], "summary": {"covered_lines": 0, "num_statements": 17, "percent_covered": 0.0, "percent_covered_display": "0", "missing_lines": 17, "excluded_lines": 0, "percent_statements_covered": 0.0, "percent_statements_covered_display": "0"}, "missing_lines": [21, 23, 30, 31, 32, 34, 36, 44, 45, 47, 48, 50, 51, 52, 55, 57, 58], "excluded_lines": [], "start_line": 12}, "": {"executed_lines": [], "summary": {"covered_lines": 0, "num_statements": 7, "percent_covered": 0.0, "percent_covered_display": "0", "missing_lines": 7, "excluded_lines": 0, "percent_statements_covered": 0.0, "percent_statements_covered_display": "0"}, "missing_lines": [1, 3, 4, 5, 8, 9, 12], "excluded_lines": [], "start_line": 1}}, "classes": {"GoogleImageSearchInput": {"executed_lines": [], "summary": {"covered_lines": 0, "num_statements": 0, "percent_covered": 100.0, "percent_covered_display": "100", "missing_lines": 0, "excluded_lines": 0, "percent_statements_covered": 100.0, "percent_statements_covered_display": "100"}, "missing_lines": [], "excluded_lines": [], "start_line": 8}, "": {"executed_lines": [], "summary": {"covered_lines": 0, "num_statements": 24, "percent_covered": 0.0, "percent_covered_display": "0", "missing_lines": 24, "excluded_lines": 0, "percent_statements_covered": 0.0, "percent_statements_covered_display": "0"}, "missing_lines": [1, 3, 4, 5, 8, 9, 12, 21, 23, 30, 31, 32, 34, 36, 44, 45, 47, 48, 50, 51, 52, 55, 57, 58], "excluded_lines": [], "start_line": 1}}}, "src/fastapi_services/mcp/tools/image_generation.py": {"executed_lines": [], "summary": {"covered_lines": 0, "num_statements": 31, "percent_covered": 0.0, "percent_covered_display": "0", "missing_lines": 31, "excluded_lines": 0, "percent_statements_covered": 0.0, "percent_statements_covered_display": "0"}, "missing_lines": [1, 3, 4, 6, 9, 10, 11, 16, 24, 28, 29, 32, 35, 36, 37, 39, 44, 45, 46, 48, 52, 53, 54, 55, 56, 57, 59, 61, 62, 63, 64], "excluded_lines": [], "functions": {"generate_vehicle_image": {"executed_lines": [], "summary": {"covered_lines": 0, "num_statements": 23, "percent_covered": 0.0, "percent_covered_display": "0", "missing_lines": 23, "excluded_lines": 0, "percent_statements_covered": 0.0, "percent_statements_covered_display": "0"}, "missing_lines": [24, 28, 29, 32, 35, 36, 37, 39, 44, 45, 46, 48, 52, 53, 54, 55, 56, 57, 59, 61, 62, 63, 64], "excluded_lines": [], "start_line": 16}, "": {"executed_lines": [], "summary": {"covered_lines": 0, "num_statements": 8, "percent_covered": 0.0, "percent_covered_display": "0", "missing_lines": 8, "excluded_lines": 0, "percent_statements_covered": 0.0, "percent_statements_covered_display": "0"}, "missing_lines": [1, 3, 4, 6, 9, 10, 11, 16], "excluded_lines": [], "start_line": 1}}, "classes": {"ImageGenerationInput": {"executed_lines": [], "summary": {"covered_lines": 0, "num_statements": 0, "percent_covered": 100.0, "percent_covered_display": "100", "missing_lines": 0, "excluded_lines": 0, "percent_statements_covered": 100.0, "percent_statements_covered_display": "100"}, "missing_lines": [], "excluded_lines": [], "start_line": 9}, "": {"executed_lines": [], "summary": {"covered_lines": 0, "num_statements": 31, "percent_covered": 0.0, "percent_covered_display": "0", "missing_lines": 31, "excluded_lines": 0, "percent_statements_covered": 0.0, "percent_statements_covered_display": "0"}, "missing_lines": [1, 3, 4, 6, 9, 10, 11, 16, 24, 28, 29, 32, 35, 36, 37, 39, 44, 45, 46, 48, 52, 53, 54, 55, 56, 57, 59, 61, 62, 63, 64], "excluded_lines": [], "start_line": 1}}}, "src/fastapi_services/mcp/tools/market_valuation.py": {"executed_lines": [], "summary": {"covered_lines": 0, "num_statements": 61, "percent_covered": 0.0, "percent_covered_display": "0", "missing_lines": 61, "excluded_lines": 0, "percent_statements_covered": 0.0, "percent_statements_covered_display": "0"}, "missing_lines": [1, 2, 4, 5, 7, 10, 13, 14, 15, 16, 17, 18, 19, 20, 21, 24, 38, 39, 40, 42, 47, 59, 60, 62, 63, 65, 66, 69, 70, 72, 76, 77, 78, 81, 82, 83, 85, 86, 87, 90, 91, 96, 108, 109, 111, 112, 113, 114, 118, 119, 121, 122, 124, 140, 142, 143, 144, 145, 146, 147, 148], "excluded_lines": [], "functions": {"search_market_listings": {"executed_lines": [], "summary": {"covered_lines": 0, "num_statements": 45, "percent_covered": 0.0, "percent_covered_display": "0", "missing_lines": 45, "excluded_lines": 0, "percent_statements_covered": 0.0, "percent_statements_covered_display": "0"}, "missing_lines": [38, 39, 40, 42, 47, 59, 60, 62, 63, 65, 66, 69, 70, 72, 76, 77, 78, 81, 82, 83, 85, 86, 87, 90, 91, 96, 108, 109, 111, 112, 113, 114, 118, 119, 121, 122, 124, 140, 142, 143, 144, 145, 146, 147, 148], "excluded_lines": [], "start_line": 24}, "": {"executed_lines": [], "summary": {"covered_lines": 0, "num_statements": 16, "percent_covered": 0.0, "percent_covered_display": "0", "missing_lines": 16, "excluded_lines": 0, "percent_statements_covered": 0.0, "percent_statements_covered_display": "0"}, "missing_lines": [1, 2, 4, 5, 7, 10, 13, 14, 15, 16, 17, 18, 19, 20, 21, 24], "excluded_lines": [], "start_line": 1}}, "classes": {"MarketValuationInput": {"executed_lines": [], "summary": {"covered_lines": 0, "num_statements": 0, "percent_covered": 100.0, "percent_covered_display": "100", "missing_lines": 0, "excluded_lines": 0, "percent_statements_covered": 100.0, "percent_statements_covered_display": "100"}, "missing_lines": [], "excluded_lines": [], "start_line": 13}, "": {"executed_lines": [], "summary": {"covered_lines": 0, "num_statements": 61, "percent_covered": 0.0, "percent_covered_display": "0", "missing_lines": 61, "excluded_lines": 0, "percent_statements_covered": 0.0, "percent_statements_covered_display": "0"}, "missing_lines": [1, 2, 4, 5, 7, 10, 13, 14, 15, 16, 17, 18, 19, 20, 21, 24, 38, 39, 40, 42, 47, 59, 60, 62, 63, 65, 66, 69, 70, 72, 76, 77, 78, 81, 82, 83, 85, 86, 87, 90, 91, 96, 108, 109, 111, 112, 113, 114, 118, 119, 121, 122, 124, 140, 142, 143, 144, 145, 146, 147, 148], "excluded_lines": [], "start_line": 1}}}, "src/fastapi_services/mcp/tools/sales_stats.py": {"executed_lines": [], "summary": {"covered_lines": 0, "num_statements": 48, "percent_covered": 0.0, "percent_covered_display": "0", "missing_lines": 48, "excluded_lines": 0, "percent_statements_covered": 0.0, "percent_statements_covered_display": "0"}, "missing_lines": [1, 3, 4, 6, 9, 10, 11, 12, 13, 16, 19, 24, 25, 28, 40, 41, 42, 45, 48, 57, 58, 60, 61, 62, 64, 65, 66, 67, 68, 70, 71, 72, 73, 76, 81, 82, 83, 85, 87, 93, 95, 96, 97, 98, 100, 101, 102, 103], "excluded_lines": [], "functions": {"get_sales_stats": {"executed_lines": [], "summary": {"covered_lines": 0, "num_statements": 19, "percent_covered": 0.0, "percent_covered_display": "0", "missing_lines": 19, "excluded_lines": 0, "percent_statements_covered": 0.0, "percent_statements_covered_display": "0"}, "missing_lines": [40, 41, 42, 45, 48, 57, 58, 60, 61, 62, 64, 65, 66, 67, 68, 70, 71, 72, 73], "excluded_lines": [], "start_line": 28}, "get_sales_history_by_vin": {"executed_lines": [], "summary": {"covered_lines": 0, "num_statements": 14, "percent_covered": 0.0, "percent_covered_display": "0", "missing_lines": 14, "excluded_lines": 0, "percent_statements_covered": 0.0, "percent_statements_covered_display": "0"}, "missing_lines": [81, 82, 83, 85, 87, 93, 95, 96, 97, 98, 100, 101, 102, 103], "excluded_lines": [], "start_line": 76}, "": {"executed_lines": [], "summary": {"covered_lines": 0, "num_statements": 15, "percent_covered": 0.0, "percent_covered_display": "0", "missing_lines": 15, "excluded_lines": 0, "percent_statements_covered": 0.0, "percent_statements_covered_display": "0"}, "missing_lines": [1, 3, 4, 6, 9, 10, 11, 12, 13, 16, 19, 24, 25, 28, 76], "excluded_lines": [], "start_line": 1}}, "classes": {"SalesStatsInput": {"executed_lines": [], "summary": {"covered_lines": 0, "num_statements": 0, "percent_covered": 100.0, "percent_covered_display": "100", "missing_lines": 0, "excluded_lines": 0, "percent_statements_covered": 100.0, "percent_statements_covered_display": "100"}, "missing_lines": [], "excluded_lines": [], "start_line": 9}, "SalesHistoryInput": {"executed_lines": [], "summary": {"covered_lines": 0, "num_statements": 0, "percent_covered": 100.0, "percent_covered_display": "100", "missing_lines": 0, "excluded_lines": 0, "percent_statements_covered": 100.0, "percent_statements_covered_display": "100"}, "missing_lines": [], "excluded_lines": [], "start_line": 24}, "": {"executed_lines": [], "summary": {"covered_lines": 0, "num_statements": 48, "percent_covered": 0.0, "percent_covered_display": "0", "missing_lines": 48, "excluded_lines": 0, "percent_statements_covered": 0.0, "percent_statements_covered_display": "0"}, "missing_lines": [1, 3, 4, 6, 9, 10, 11, 12, 13, 16, 19, 24, 25, 28, 40, 41, 42, 45, 48, 57, 58, 60, 61, 62, 64, 65, 66, 67, 68, 70, 71, 72, 73, 76, 81, 82, 83, 85, 87, 93, 95, 96, 97, 98, 100, 101, 102, 103], "excluded_lines": [], "start_line": 1}}}, "src/fastapi_services/mcp/tools/vehicle_lookup.py": {"executed_lines": [], "summary": {"covered_lines": 0, "num_statements": 24, "percent_covered": 0.0, "percent_covered_display": "0", "missing_lines": 24, "excluded_lines": 0, "percent_statements_covered": 0.0, "percent_statements_covered_display": "0"}, "missing_lines": [1, 3, 4, 7, 8, 9, 14, 21, 22, 23, 26, 34, 35, 36, 38, 40, 46, 47, 50, 52, 54, 55, 56, 57], "excluded_lines": [], "functions": {"lookup_vehicle_details": {"executed_lines": [], "summary": {"covered_lines": 0, "num_statements": 17, "percent_covered": 0.0, "percent_covered_display": "0", "missing_lines": 17, "excluded_lines": 0, "percent_statements_covered": 0.0, "percent_statements_covered_display": "0"}, "missing_lines": [21, 22, 23, 26, 34, 35, 36, 38, 40, 46, 47, 50, 52, 54, 55, 56, 57], "excluded_lines": [], "start_line": 14}, "": {"executed_lines": [], "summary": {"covered_lines": 0, "num_statements": 7, "percent_covered": 0.0, "percent_covered_display": "0", "missing_lines": 7, "excluded_lines": 0, "percent_statements_covered": 0.0, "percent_statements_covered_display": "0"}, "missing_lines": [1, 3, 4, 7, 8, 9, 14], "excluded_lines": [], "start_line": 1}}, "classes": {"VehicleLookupInput": {"executed_lines": [], "summary": {"covered_lines": 0, "num_statements": 0, "percent_covered": 100.0, "percent_covered_display": "100", "missing_lines": 0, "excluded_lines": 0, "percent_statements_covered": 100.0, "percent_statements_covered_display": "100"}, "missing_lines": [], "excluded_lines": [], "start_line": 7}, "": {"executed_lines": [], "summary": {"covered_lines": 0, "num_statements": 24, "percent_covered": 0.0, "percent_covered_display": "0", "missing_lines": 24, "excluded_lines": 0, "percent_statements_covered": 0.0, "percent_statements_covered_display": "0"}, "missing_lines": [1, 3, 4, 7, 8, 9, 14, 21, 22, 23, 26, 34, 35, 36, 38, 40, 46, 47, 50, 52, 54, 55, 56, 57], "excluded_lines": [], "start_line": 1}}}, "src/fastapi_services/mcp/tools/watch_valuation.py": {"executed_lines": [], "summary": {"covered_lines": 0, "num_statements": 14, "percent_covered": 0.0, "percent_covered_display": "0", "missing_lines": 14, "excluded_lines": 0, "percent_statements_covered": 0.0, "percent_statements_covered_display": "0"}, "missing_lines": [1, 2, 5, 8, 23, 28, 31, 40, 41, 44, 45, 46, 47, 49], "excluded_lines": [], "functions": {"get_watch_valuation": {"executed_lines": [], "summary": {"covered_lines": 0, "num_statements": 10, "percent_covered": 0.0, "percent_covered_display": "0", "missing_lines": 10, "excluded_lines": 0, "percent_statements_covered": 0.0, "percent_statements_covered_display": "0"}, "missing_lines": [23, 28, 31, 40, 41, 44, 45, 46, 47, 49], "excluded_lines": [], "start_line": 8}, "": {"executed_lines": [], "summary": {"covered_lines": 0, "num_statements": 4, "percent_covered": 0.0, "percent_covered_display": "0", "missing_lines": 4, "excluded_lines": 0, "percent_statements_covered": 0.0, "percent_statements_covered_display": "0"}, "missing_lines": [1, 2, 5, 8], "excluded_lines": [], "start_line": 1}}, "classes": {"": {"executed_lines": [], "summary": {"covered_lines": 0, "num_statements": 14, "percent_covered": 0.0, "percent_covered_display": "0", "missing_lines": 14, "excluded_lines": 0, "percent_statements_covered": 0.0, "percent_statements_covered_display": "0"}, "missing_lines": [1, 2, 5, 8, 23, 28, 31, 40, 41, 44, 45, 46, 47, 49], "excluded_lines": [], "start_line": 1}}}, "src/fastapi_services/ocr/__init__.py": {"executed_lines": [], "summary": {"covered_lines": 0, "num_statements": 0, "percent_covered": 100.0, "percent_covered_display": "100", "missing_lines": 0, "excluded_lines": 0, "percent_statements_covered": 100.0, "percent_statements_covered_display": "100"}, "missing_lines": [], "excluded_lines": [], "functions": {"": {"executed_lines": [], "summary": {"covered_lines": 0, "num_statements": 0, "percent_covered": 100.0, "percent_covered_display": "100", "missing_lines": 0, "excluded_lines": 0, "percent_statements_covered": 100.0, "percent_statements_covered_display": "100"}, "missing_lines": [], "excluded_lines": [], "start_line": 1}}, "classes": {"": {"executed_lines": [], "summary": {"covered_lines": 0, "num_statements": 0, "percent_covered": 100.0, "percent_covered_display": "100", "missing_lines": 0, "excluded_lines": 0, "percent_statements_covered": 100.0, "percent_statements_covered_display": "100"}, "missing_lines": [], "excluded_lines": [], "start_line": 1}}}, "src/fastapi_services/ocr/main.py": {"executed_lines": [], "summary": {"covered_lines": 0, "num_statements": 96, "percent_covered": 0.0, "percent_covered_display": "0", "missing_lines": 96, "excluded_lines": 0, "percent_statements_covered": 0.0, "percent_statements_covered_display": "0"}, "missing_lines": [1, 2, 3, 4, 6, 7, 8, 10, 13, 19, 22, 23, 25, 28, 36, 37, 38, 39, 40, 41, 42, 43, 46, 50, 52, 60, 61, 66, 67, 68, 69, 73, 80, 81, 82, 83, 84, 87, 88, 89, 90, 91, 94, 95, 96, 99, 115, 117, 118, 119, 121, 123, 124, 127, 131, 132, 135, 137, 141, 144, 145, 147, 148, 152, 153, 154, 155, 158, 162, 164, 166, 167, 170, 171, 172, 173, 174, 175, 176, 177, 178, 179, 180, 182, 185, 186, 190, 192, 193, 196, 199, 202, 203, 205, 207, 208], "excluded_lines": [], "functions": {"preprocess_image": {"executed_lines": [], "summary": {"covered_lines": 0, "num_statements": 4, "percent_covered": 0.0, "percent_covered_display": "0", "missing_lines": 4, "excluded_lines": 0, "percent_statements_covered": 0.0, "percent_statements_covered_display": "0"}, "missing_lines": [19, 22, 23, 25], "excluded_lines": [], "start_line": 13}, "extract_price_from_line": {"executed_lines": [], "summary": {"covered_lines": 0, "num_statements": 8, "percent_covered": 0.0, "percent_covered_display": "0", "missing_lines": 8, "excluded_lines": 0, "percent_statements_covered": 0.0, "percent_statements_covered_display": "0"}, "missing_lines": [36, 37, 38, 39, 40, 41, 42, 43], "excluded_lines": [], "start_line": 28}, "parse_receipt_data": {"executed_lines": [], "summary": {"covered_lines": 0, "num_statements": 61, "percent_covered": 0.0, "percent_covered_display": "0", "missing_lines": 61, "excluded_lines": 0, "percent_statements_covered": 0.0, "percent_statements_covered_display": "0"}, "missing_lines": [50, 52, 60, 61, 66, 67, 68, 69, 73, 80, 81, 82, 83, 84, 87, 88, 89, 90, 91, 94, 95, 96, 99, 115, 117, 118, 119, 121, 123, 124, 127, 131, 132, 135, 137, 141, 144, 145, 147, 148, 152, 153, 154, 155, 158, 162, 164, 166, 167, 170, 171, 172, 173, 174, 175, 176, 177, 178, 179, 180, 182], "excluded_lines": [], "start_line": 46}, "process_ocr": {"executed_lines": [], "summary": {"covered_lines": 0, "num_statements": 10, "percent_covered": 0.0, "percent_covered_display": "0", "missing_lines": 10, "excluded_lines": 0, "percent_statements_covered": 0.0, "percent_statements_covered_display": "0"}, "missing_lines": [190, 192, 193, 196, 199, 202, 203, 205, 207, 208], "excluded_lines": [], "start_line": 186}, "": {"executed_lines": [], "summary": {"covered_lines": 0, "num_statements": 13, "percent_covered": 0.0, "percent_covered_display": "0", "missing_lines": 13, "excluded_lines": 0, "percent_statements_covered": 0.0, "percent_statements_covered_display": "0"}, "missing_lines": [1, 2, 3, 4, 6, 7, 8, 10, 13, 28, 46, 185, 186], "excluded_lines": [], "start_line": 1}}, "classes": {"": {"executed_lines": [], "summary": {"covered_lines": 0, "num_statements": 96, "percent_covered": 0.0, "percent_covered_display": "0", "missing_lines": 96, "excluded_lines": 0, "percent_statements_covered": 0.0, "percent_statements_covered_display": "0"}, "missing_lines": [1, 2, 3, 4, 6, 7, 8, 10, 13, 19, 22, 23, 25, 28, 36, 37, 38, 39, 40, 41, 42, 43, 46, 50, 52, 60, 61, 66, 67, 68, 69, 73, 80, 81, 82, 83, 84, 87, 88, 89, 90, 91, 94, 95, 96, 99, 115, 117, 118, 119, 121, 123, 124, 127, 131, 132, 135, 137, 141, 144, 145, 147, 148, 152, 153, 154, 155, 158, 162, 164, 166, 167, 170, 171, 172, 173, 174, 175, 176, 177, 178, 179, 180, 182, 185, 186, 190, 192, 193, 196, 199, 202, 203, 205, 207, 208], "excluded_lines": [], "start_line": 1}}}, "src/my_garage/__init__.py": {"executed_lines": [], "summary": {"covered_lines": 0, "num_statements": 0, "percent_covered": 100.0, "percent_covered_display": "100", "missing_lines": 0, "excluded_lines": 0, "percent_statements_covered": 100.0, "percent_statements_covered_display": "100"}, "missing_lines": [], "excluded_lines": [], "functions": {"": {"executed_lines": [], "summary": {"covered_lines": 0, "num_statements": 0, "percent_covered": 100.0, "percent_covered_display": "100", "missing_lines": 0, "excluded_lines": 0, "percent_statements_covered": 100.0, "percent_statements_covered_display": "100"}, "missing_lines": [], "excluded_lines": [], "start_line": 1}}, "classes": {"": {"executed_lines": [], "summary": {"covered_lines": 0, "num_statements": 0, "percent_covered": 100.0, "percent_covered_display": "100", "missing_lines": 0, "excluded_lines": 0, "percent_statements_covered": 100.0, "percent_statements_covered_display": "100"}, "missing_lines": [], "excluded_lines": [], "start_line": 1}}}, "src/my_garage/admin.py": {"executed_lines": [3, 5, 16, 17, 18, 27, 28, 29, 30, 32, 58, 59, 60, 68, 69, 70, 71, 73, 93, 94, 95, 96, 97, 98, 99, 101, 111, 112, 113, 114, 115, 116, 117, 120, 121, 122, 130, 131, 132, 134, 145, 146, 147, 148, 149, 150, 151, 153, 162, 163, 164, 171, 172, 173, 174, 176], "summary": {"covered_lines": 56, "num_statements": 56, "percent_covered": 100.0, "percent_covered_display": "100", "missing_lines": 0, "excluded_lines": 0, "percent_statements_covered": 100.0, "percent_statements_covered_display": "100"}, "missing_lines": [], "excluded_lines": [], "functions": {"": {"executed_lines": [3, 5, 16, 17, 18, 27, 28, 29, 30, 32, 58, 59, 60, 68, 69, 70, 71, 73, 93, 94, 95, 96, 97, 98, 99, 101, 111, 112, 113, 114, 115, 116, 117, 120, 121, 122, 130, 131, 132, 134, 145, 146, 147, 148, 149, 150, 151, 153, 162, 163, 164, 171, 172, 173, 174, 176], "summary": {"covered_lines": 56, "num_statements": 56, "percent_covered": 100.0, "percent_covered_display": "100", "missing_lines": 0, "excluded_lines": 0, "percent_statements_covered": 100.0, "percent_statements_covered_display": "100"}, "missing_lines": [], "excluded_lines": [], "start_line": 1}}, "classes": {"CollectionTypeAdmin": {"executed_lines": [], "summary": {"covered_lines": 0, "num_statements": 0, "percent_covered": 100.0, "percent_covered_display": "100", "missing_lines": 0, "excluded_lines": 0, "percent_statements_covered": 100.0, "percent_statements_covered_display": "100"}, "missing_lines": [], "excluded_lines": [], "start_line": 17}, "DynamicCollectionItemAdmin": {"executed_lines": [], "summary": {"covered_lines": 0, "num_statements": 0, "percent_covered": 100.0, "percent_covered_display": "100", "missing_lines": 0, "excluded_lines": 0, "percent_statements_covered": 100.0, "percent_statements_covered_display": "100"}, "missing_lines": [], "excluded_lines": [], "start_line": 59}, "GenericServiceRecordAdmin": {"executed_lines": [], "summary": {"covered_lines": 0, "num_statements": 0, "percent_covered": 100.0, "percent_covered_display": "100", "missing_lines": 0, "excluded_lines": 0, "percent_statements_covered": 100.0, "percent_statements_covered_display": "100"}, "missing_lines": [], "excluded_lines": [], "start_line": 94}, "GenericValuationHistoryAdmin": {"executed_lines": [], "summary": {"covered_lines": 0, "num_statements": 0, "percent_covered": 100.0, "percent_covered_display": "100", "missing_lines": 0, "excluded_lines": 0, "percent_statements_covered": 100.0, "percent_statements_covered_display": "100"}, "missing_lines": [], "excluded_lines": [], "start_line": 112}, "GenericUpgradeAdmin": {"executed_lines": [], "summary": {"covered_lines": 0, "num_statements": 0, "percent_covered": 100.0, "percent_covered_display": "100", "missing_lines": 0, "excluded_lines": 0, "percent_statements_covered": 100.0, "percent_statements_covered_display": "100"}, "missing_lines": [], "excluded_lines": [], "start_line": 121}, "CollectionItemAttachmentAdmin": {"executed_lines": [], "summary": {"covered_lines": 0, "num_statements": 0, "percent_covered": 100.0, "percent_covered_display": "100", "missing_lines": 0, "excluded_lines": 0, "percent_statements_covered": 100.0, "percent_statements_covered_display": "100"}, "missing_lines": [], "excluded_lines": [], "start_line": 146}, "CollectionItemRelationshipAdmin": {"executed_lines": [], "summary": {"covered_lines": 0, "num_statements": 0, "percent_covered": 100.0, "percent_covered_display": "100", "missing_lines": 0, "excluded_lines": 0, "percent_statements_covered": 100.0, "percent_statements_covered_display": "100"}, "missing_lines": [], "excluded_lines": [], "start_line": 163}, "": {"executed_lines": [3, 5, 16, 17, 18, 27, 28, 29, 30, 32, 58, 59, 60, 68, 69, 70, 71, 73, 93, 94, 95, 96, 97, 98, 99, 101, 111, 112, 113, 114, 115, 116, 117, 120, 121, 122, 130, 131, 132, 134, 145, 146, 147, 148, 149, 150, 151, 153, 162, 163, 164, 171, 172, 173, 174, 176], "summary": {"covered_lines": 56, "num_statements": 56, "percent_covered": 100.0, "percent_covered_display": "100", "missing_lines": 0, "excluded_lines": 0, "percent_statements_covered": 100.0, "percent_statements_covered_display": "100"}, "missing_lines": [], "excluded_lines": [], "start_line": 1}}}, "src/my_garage/api/__init__.py": {"executed_lines": [], "summary": {"covered_lines": 0, "num_statements": 0, "percent_covered": 100.0, "percent_covered_display": "100", "missing_lines": 0, "excluded_lines": 0, "percent_statements_covered": 100.0, "percent_statements_covered_display": "100"}, "missing_lines": [], "excluded_lines": [], "functions": {"": {"executed_lines": [], "summary": {"covered_lines": 0, "num_statements": 0, "percent_covered": 100.0, "percent_covered_display": "100", "missing_lines": 0, "excluded_lines": 0, "percent_statements_covered": 100.0, "percent_statements_covered_display": "100"}, "missing_lines": [], "excluded_lines": [], "start_line": 1}}, "classes": {"": {"executed_lines": [], "summary": {"covered_lines": 0, "num_statements": 0, "percent_covered": 100.0, "percent_covered_display": "100", "missing_lines": 0, "excluded_lines": 0, "percent_statements_covered": 100.0, "percent_statements_covered_display": "100"}, "missing_lines": [], "excluded_lines": [], "start_line": 1}}}, "src/my_garage/api/selectors.py": {"executed_lines": [1, 2, 3, 5, 6, 8, 18, 33, 34, 36, 37, 39, 40, 44, 46, 48, 49, 51, 53, 63, 67, 68, 69, 71, 72, 73, 76, 82, 85, 88, 94, 99, 102, 134, 148, 149, 152, 153, 158, 159, 160, 162, 172, 173, 174, 177, 178, 184, 185, 186, 189, 190, 191, 193, 196, 197, 200, 212, 214, 225, 226, 227, 229, 231], "summary": {"covered_lines": 64, "num_statements": 73, "percent_covered": 87.67123287671232, "percent_covered_display": "88", "missing_lines": 9, "excluded_lines": 0, "percent_statements_covered": 87.67123287671232, "percent_statements_covered_display": "88"}, "missing_lines": [70, 107, 108, 110, 119, 120, 121, 131, 194], "excluded_lines": [], "functions": {"get_item_nfp_breakdown": {"executed_lines": [33, 34, 36, 37, 39, 40, 44, 46, 48, 49, 51, 53], "summary": {"covered_lines": 12, "num_statements": 12, "percent_covered": 100.0, "percent_covered_display": "100", "missing_lines": 0, "excluded_lines": 0, "percent_statements_covered": 100.0, "percent_statements_covered_display": "100"}, "missing_lines": [], "excluded_lines": [], "start_line": 18}, "get_item_estate_assignment": {"executed_lines": [67, 68, 69, 71, 72, 73], "summary": {"covered_lines": 6, "num_statements": 7, "percent_covered": 85.71428571428571, "percent_covered_display": "86", "missing_lines": 1, "excluded_lines": 0, "percent_statements_covered": 85.71428571428571, "percent_statements_covered_display": "86"}, "missing_lines": [70], "excluded_lines": [], "start_line": 63}, "get_portfolio_nfp_summary": {"executed_lines": [82, 85], "summary": {"covered_lines": 2, "num_statements": 2, "percent_covered": 100.0, "percent_covered_display": "100", "missing_lines": 0, "excluded_lines": 0, "percent_statements_covered": 100.0, "percent_statements_covered_display": "100"}, "missing_lines": [], "excluded_lines": [], "start_line": 76}, "get_portfolio_nfp_by_collection": {"executed_lines": [94, 99], "summary": {"covered_lines": 2, "num_statements": 2, "percent_covered": 100.0, "percent_covered_display": "100", "missing_lines": 0, "excluded_lines": 0, "percent_statements_covered": 100.0, "percent_statements_covered_display": "100"}, "missing_lines": [], "excluded_lines": [], "start_line": 88}, "global_search": {"executed_lines": [], "summary": {"covered_lines": 0, "num_statements": 7, "percent_covered": 0.0, "percent_covered_display": "0", "missing_lines": 7, "excluded_lines": 0, "percent_statements_covered": 0.0, "percent_statements_covered_display": "0"}, "missing_lines": [107, 108, 110, 119, 120, 121, 131], "excluded_lines": [], "start_line": 102}, "portfolio_get_yoy_change": {"executed_lines": [148, 149, 152, 153, 158, 159, 160, 162, 172, 173, 174, 177, 178, 184, 185, 186, 189, 190, 191, 193, 196, 197], "summary": {"covered_lines": 22, "num_statements": 23, "percent_covered": 95.65217391304348, "percent_covered_display": "96", "missing_lines": 1, "excluded_lines": 0, "percent_statements_covered": 95.65217391304348, "percent_statements_covered_display": "96"}, "missing_lines": [194], "excluded_lines": [], "start_line": 134}, "get_estate_dashboard_context": {"executed_lines": [212, 214, 225, 226, 227, 229, 231], "summary": {"covered_lines": 7, "num_statements": 7, "percent_covered": 100.0, "percent_covered_display": "100", "missing_lines": 0, "excluded_lines": 0, "percent_statements_covered": 100.0, "percent_statements_covered_display": "100"}, "missing_lines": [], "excluded_lines": [], "start_line": 200}, "": {"executed_lines": [1, 2, 3, 5, 6, 8, 18, 63, 76, 88, 102, 134, 200], "summary": {"covered_lines": 13, "num_statements": 13, "percent_covered": 100.0, "percent_covered_display": "100", "missing_lines": 0, "excluded_lines": 0, "percent_statements_covered": 100.0, "percent_statements_covered_display": "100"}, "missing_lines": [], "excluded_lines": [], "start_line": 1}}, "classes": {"": {"executed_lines": [1, 2, 3, 5, 6, 8, 18, 33, 34, 36, 37, 39, 40, 44, 46, 48, 49, 51, 53, 63, 67, 68, 69, 71, 72, 73, 76, 82, 85, 88, 94, 99, 102, 134, 148, 149, 152, 153, 158, 159, 160, 162, 172, 173, 174, 177, 178, 184, 185, 186, 189, 190, 191, 193, 196, 197, 200, 212, 214, 225, 226, 227, 229, 231], "summary": {"covered_lines": 64, "num_statements": 73, "percent_covered": 87.67123287671232, "percent_covered_display": "88", "missing_lines": 9, "excluded_lines": 0, "percent_statements_covered": 87.67123287671232, "percent_statements_covered_display": "88"}, "missing_lines": [70, 107, 108, 110, 119, 120, 121, 131, 194], "excluded_lines": [], "start_line": 1}}}, "src/my_garage/api/serializers.py": {"executed_lines": [3, 5, 14, 15, 16, 17, 28, 31, 32, 35, 37, 38, 39, 54, 57, 58, 59, 60, 71, 74, 75, 76, 77, 78, 81, 82, 83, 84], "summary": {"covered_lines": 28, "num_statements": 28, "percent_covered": 100.0, "percent_covered_display": "100", "missing_lines": 0, "excluded_lines": 0, "percent_statements_covered": 100.0, "percent_statements_covered_display": "100"}, "missing_lines": [], "excluded_lines": [], "functions": {"": {"executed_lines": [3, 5, 14, 15, 16, 17, 28, 31, 32, 35, 37, 38, 39, 54, 57, 58, 59, 60, 71, 74, 75, 76, 77, 78, 81, 82, 83, 84], "summary": {"covered_lines": 28, "num_statements": 28, "percent_covered": 100.0, "percent_covered_display": "100", "missing_lines": 0, "excluded_lines": 0, "percent_statements_covered": 100.0, "percent_statements_covered_display": "100"}, "missing_lines": [], "excluded_lines": [], "start_line": 1}}, "classes": {"CollectionTypeSerializer": {"executed_lines": [], "summary": {"covered_lines": 0, "num_statements": 0, "percent_covered": 100.0, "percent_covered_display": "100", "missing_lines": 0, "excluded_lines": 0, "percent_statements_covered": 100.0, "percent_statements_covered_display": "100"}, "missing_lines": [], "excluded_lines": [], "start_line": 14}, "CollectionTypeSerializer.Meta": {"executed_lines": [], "summary": {"covered_lines": 0, "num_statements": 0, "percent_covered": 100.0, "percent_covered_display": "100", "missing_lines": 0, "excluded_lines": 0, "percent_statements_covered": 100.0, "percent_statements_covered_display": "100"}, "missing_lines": [], "excluded_lines": [], "start_line": 15}, "DynamicCollectionItemSerializer": {"executed_lines": [], "summary": {"covered_lines": 0, "num_statements": 0, "percent_covered": 100.0, "percent_covered_display": "100", "missing_lines": 0, "excluded_lines": 0, "percent_statements_covered": 100.0, "percent_statements_covered_display": "100"}, "missing_lines": [], "excluded_lines": [], "start_line": 31}, "DynamicCollectionItemSerializer.Meta": {"executed_lines": [], "summary": {"covered_lines": 0, "num_statements": 0, "percent_covered": 100.0, "percent_covered_display": "100", "missing_lines": 0, "excluded_lines": 0, "percent_statements_covered": 100.0, "percent_statements_covered_display": "100"}, "missing_lines": [], "excluded_lines": [], "start_line": 37}, "GenericServiceRecordSerializer": {"executed_lines": [], "summary": {"covered_lines": 0, "num_statements": 0, "percent_covered": 100.0, "percent_covered_display": "100", "missing_lines": 0, "excluded_lines": 0, "percent_statements_covered": 100.0, "percent_statements_covered_display": "100"}, "missing_lines": [], "excluded_lines": [], "start_line": 57}, "GenericServiceRecordSerializer.Meta": {"executed_lines": [], "summary": {"covered_lines": 0, "num_statements": 0, "percent_covered": 100.0, "percent_covered_display": "100", "missing_lines": 0, "excluded_lines": 0, "percent_statements_covered": 100.0, "percent_statements_covered_display": "100"}, "missing_lines": [], "excluded_lines": [], "start_line": 58}, "GenericValuationHistorySerializer": {"executed_lines": [], "summary": {"covered_lines": 0, "num_statements": 0, "percent_covered": 100.0, "percent_covered_display": "100", "missing_lines": 0, "excluded_lines": 0, "percent_statements_covered": 100.0, "percent_statements_covered_display": "100"}, "missing_lines": [], "excluded_lines": [], "start_line": 74}, "GenericValuationHistorySerializer.Meta": {"executed_lines": [], "summary": {"covered_lines": 0, "num_statements": 0, "percent_covered": 100.0, "percent_covered_display": "100", "missing_lines": 0, "excluded_lines": 0, "percent_statements_covered": 100.0, "percent_statements_covered_display": "100"}, "missing_lines": [], "excluded_lines": [], "start_line": 75}, "GenericUpgradeSerializer": {"executed_lines": [], "summary": {"covered_lines": 0, "num_statements": 0, "percent_covered": 100.0, "percent_covered_display": "100", "missing_lines": 0, "excluded_lines": 0, "percent_statements_covered": 100.0, "percent_statements_covered_display": "100"}, "missing_lines": [], "excluded_lines": [], "start_line": 81}, "GenericUpgradeSerializer.Meta": {"executed_lines": [], "summary": {"covered_lines": 0, "num_statements": 0, "percent_covered": 100.0, "percent_covered_display": "100", "missing_lines": 0, "excluded_lines": 0, "percent_statements_covered": 100.0, "percent_statements_covered_display": "100"}, "missing_lines": [], "excluded_lines": [], "start_line": 82}, "": {"executed_lines": [3, 5, 14, 15, 16, 17, 28, 31, 32, 35, 37, 38, 39, 54, 57, 58, 59, 60, 71, 74, 75, 76, 77, 78, 81, 82, 83, 84], "summary": {"covered_lines": 28, "num_statements": 28, "percent_covered": 100.0, "percent_covered_display": "100", "missing_lines": 0, "excluded_lines": 0, "percent_statements_covered": 100.0, "percent_statements_covered_display": "100"}, "missing_lines": [], "excluded_lines": [], "start_line": 1}}}, "src/my_garage/api/services.py": {"executed_lines": [8, 9, 10, 11, 12, 14, 15, 17, 20, 25, 33, 35, 36, 37, 38, 41, 53, 55, 56, 58, 68, 69, 70, 71, 75, 83, 91, 98, 101, 102, 104, 107, 108, 109, 110, 111, 112, 113, 114, 125, 127, 130, 132, 134, 135, 136, 138, 144, 147], "summary": {"covered_lines": 49, "num_statements": 75, "percent_covered": 65.33333333333333, "percent_covered_display": "65", "missing_lines": 26, "excluded_lines": 0, "percent_statements_covered": 65.33333333333333, "percent_statements_covered_display": "65"}, "missing_lines": [73, 157, 158, 160, 161, 162, 164, 165, 166, 168, 169, 174, 175, 177, 179, 180, 181, 182, 183, 184, 186, 187, 189, 191, 192, 195], "excluded_lines": [], "functions": {"refresh_item_nfp": {"executed_lines": [33, 35, 36, 37, 38], "summary": {"covered_lines": 5, "num_statements": 5, "percent_covered": 100.0, "percent_covered_display": "100", "missing_lines": 0, "excluded_lines": 0, "percent_statements_covered": 100.0, "percent_statements_covered_display": "100"}, "missing_lines": [], "excluded_lines": [], "start_line": 25}, "assign_beneficiary": {"executed_lines": [53, 55, 56, 58, 68, 69, 70, 71, 75], "summary": {"covered_lines": 9, "num_statements": 10, "percent_covered": 90.0, "percent_covered_display": "90", "missing_lines": 1, "excluded_lines": 0, "percent_statements_covered": 90.0, "percent_statements_covered_display": "90"}, "missing_lines": [73], "excluded_lines": [], "start_line": 41}, "activate_estate_plan": {"executed_lines": [91, 98, 101, 102, 104, 107, 108, 109, 110, 111, 112, 113, 114, 125, 127], "summary": {"covered_lines": 15, "num_statements": 15, "percent_covered": 100.0, "percent_covered_display": "100", "missing_lines": 0, "excluded_lines": 0, "percent_statements_covered": 100.0, "percent_statements_covered_display": "100"}, "missing_lines": [], "excluded_lines": [], "start_line": 83}, "remove_beneficiary_assignment": {"executed_lines": [132, 134, 135, 136, 138, 144], "summary": {"covered_lines": 6, "num_statements": 6, "percent_covered": 100.0, "percent_covered_display": "100", "missing_lines": 0, "excluded_lines": 0, "percent_statements_covered": 100.0, "percent_statements_covered_display": "100"}, "missing_lines": [], "excluded_lines": [], "start_line": 130}, "process_generic_service_record_ocr": {"executed_lines": [], "summary": {"covered_lines": 0, "num_statements": 25, "percent_covered": 0.0, "percent_covered_display": "0", "missing_lines": 25, "excluded_lines": 0, "percent_statements_covered": 0.0, "percent_statements_covered_display": "0"}, "missing_lines": [157, 158, 160, 161, 162, 164, 165, 166, 168, 169, 174, 175, 177, 179, 180, 181, 182, 183, 184, 186, 187, 189, 191, 192, 195], "excluded_lines": [], "start_line": 147}, "": {"executed_lines": [8, 9, 10, 11, 12, 14, 15, 17, 20, 25, 41, 83, 130, 147], "summary": {"covered_lines": 14, "num_statements": 14, "percent_covered": 100.0, "percent_covered_display": "100", "missing_lines": 0, "excluded_lines": 0, "percent_statements_covered": 100.0, "percent_statements_covered_display": "100"}, "missing_lines": [], "excluded_lines": [], "start_line": 1}}, "classes": {"VehicleServiceError": {"executed_lines": [], "summary": {"covered_lines": 0, "num_statements": 0, "percent_covered": 100.0, "percent_covered_display": "100", "missing_lines": 0, "excluded_lines": 0, "percent_statements_covered": 100.0, "percent_statements_covered_display": "100"}, "missing_lines": [], "excluded_lines": [], "start_line": 20}, "": {"executed_lines": [8, 9, 10, 11, 12, 14, 15, 17, 20, 25, 33, 35, 36, 37, 38, 41, 53, 55, 56, 58, 68, 69, 70, 71, 75, 83, 91, 98, 101, 102, 104, 107, 108, 109, 110, 111, 112, 113, 114, 125, 127, 130, 132, 134, 135, 136, 138, 144, 147], "summary": {"covered_lines": 49, "num_statements": 75, "percent_covered": 65.33333333333333, "percent_covered_display": "65", "missing_lines": 26, "excluded_lines": 0, "percent_statements_covered": 65.33333333333333, "percent_statements_covered_display": "65"}, "missing_lines": [73, 157, 158, 160, 161, 162, 164, 165, 166, 168, 169, 174, 175, 177, 179, 180, 181, 182, 183, 184, 186, 187, 189, 191, 192, 195], "excluded_lines": [], "start_line": 1}}}, "src/my_garage/api/views.py": {"executed_lines": [3, 4, 5, 6, 8, 16, 17, 18, 27, 28, 29, 31, 34, 38, 39, 40, 41, 42, 44, 49, 52, 53, 64, 65, 77, 78, 79, 80, 81, 83, 87, 88, 89, 90, 91, 93, 97, 98, 99, 100, 101, 103], "summary": {"covered_lines": 42, "num_statements": 61, "percent_covered": 68.85245901639344, "percent_covered_display": "69", "missing_lines": 19, "excluded_lines": 0, "percent_statements_covered": 68.85245901639344, "percent_statements_covered_display": "69"}, "missing_lines": [32, 35, 45, 50, 54, 55, 56, 57, 61, 62, 66, 67, 68, 69, 73, 74, 84, 94, 104], "excluded_lines": [], "functions": {"CollectionTypeViewSet.get_queryset": {"executed_lines": [], "summary": {"covered_lines": 0, "num_statements": 1, "percent_covered": 0.0, "percent_covered_display": "0", "missing_lines": 1, "excluded_lines": 0, "percent_statements_covered": 0.0, "percent_statements_covered_display": "0"}, "missing_lines": [32], "excluded_lines": [], "start_line": 31}, "CollectionTypeViewSet.perform_create": {"executed_lines": [], "summary": {"covered_lines": 0, "num_statements": 1, "percent_covered": 0.0, "percent_covered_display": "0", "missing_lines": 1, "excluded_lines": 0, "percent_statements_covered": 0.0, "percent_statements_covered_display": "0"}, "missing_lines": [35], "excluded_lines": [], "start_line": 34}, "DynamicCollectionItemViewSet.get_queryset": {"executed_lines": [], "summary": {"covered_lines": 0, "num_statements": 1, "percent_covered": 0.0, "percent_covered_display": "0", "missing_lines": 1, "excluded_lines": 0, "percent_statements_covered": 0.0, "percent_statements_covered_display": "0"}, "missing_lines": [45], "excluded_lines": [], "start_line": 44}, "DynamicCollectionItemViewSet.perform_create": {"executed_lines": [], "summary": {"covered_lines": 0, "num_statements": 1, "percent_covered": 0.0, "percent_covered_display": "0", "missing_lines": 1, "excluded_lines": 0, "percent_statements_covered": 0.0, "percent_statements_covered_display": "0"}, "missing_lines": [50], "excluded_lines": [], "start_line": 49}, "DynamicCollectionItemViewSet.refresh_valuation": {"executed_lines": [], "summary": {"covered_lines": 0, "num_statements": 6, "percent_covered": 0.0, "percent_covered_display": "0", "missing_lines": 6, "excluded_lines": 0, "percent_statements_covered": 0.0, "percent_statements_covered_display": "0"}, "missing_lines": [54, 55, 56, 57, 61, 62], "excluded_lines": [], "start_line": 53}, "DynamicCollectionItemViewSet.enrich": {"executed_lines": [], "summary": {"covered_lines": 0, "num_statements": 6, "percent_covered": 0.0, "percent_covered_display": "0", "missing_lines": 6, "excluded_lines": 0, "percent_statements_covered": 0.0, "percent_statements_covered_display": "0"}, "missing_lines": [66, 67, 68, 69, 73, 74], "excluded_lines": [], "start_line": 65}, "GenericServiceRecordViewSet.get_queryset": {"executed_lines": [], "summary": {"covered_lines": 0, "num_statements": 1, "percent_covered": 0.0, "percent_covered_display": "0", "missing_lines": 1, "excluded_lines": 0, "percent_statements_covered": 0.0, "percent_statements_covered_display": "0"}, "missing_lines": [84], "excluded_lines": [], "start_line": 83}, "GenericValuationHistoryViewSet.get_queryset": {"executed_lines": [], "summary": {"covered_lines": 0, "num_statements": 1, "percent_covered": 0.0, "percent_covered_display": "0", "missing_lines": 1, "excluded_lines": 0, "percent_statements_covered": 0.0, "percent_statements_covered_display": "0"}, "missing_lines": [94], "excluded_lines": [], "start_line": 93}, "GenericUpgradeViewSet.get_queryset": {"executed_lines": [], "summary": {"covered_lines": 0, "num_statements": 1, "percent_covered": 0.0, "percent_covered_display": "0", "missing_lines": 1, "excluded_lines": 0, "percent_statements_covered": 0.0, "percent_statements_covered_display": "0"}, "missing_lines": [104], "excluded_lines": [], "start_line": 103}, "": {"executed_lines": [3, 4, 5, 6, 8, 16, 17, 18, 27, 28, 29, 31, 34, 38, 39, 40, 41, 42, 44, 49, 52, 53, 64, 65, 77, 78, 79, 80, 81, 83, 87, 88, 89, 90, 91, 93, 97, 98, 99, 100, 101, 103], "summary": {"covered_lines": 42, "num_statements": 42, "percent_covered": 100.0, "percent_covered_display": "100", "missing_lines": 0, "excluded_lines": 0, "percent_statements_covered": 100.0, "percent_statements_covered_display": "100"}, "missing_lines": [], "excluded_lines": [], "start_line": 1}}, "classes": {"CollectionTypeViewSet": {"executed_lines": [], "summary": {"covered_lines": 0, "num_statements": 2, "percent_covered": 0.0, "percent_covered_display": "0", "missing_lines": 2, "excluded_lines": 0, "percent_statements_covered": 0.0, "percent_statements_covered_display": "0"}, "missing_lines": [32, 35], "excluded_lines": [], "start_line": 27}, "DynamicCollectionItemViewSet": {"executed_lines": [], "summary": {"covered_lines": 0, "num_statements": 14, "percent_covered": 0.0, "percent_covered_display": "0", "missing_lines": 14, "excluded_lines": 0, "percent_statements_covered": 0.0, "percent_statements_covered_display": "0"}, "missing_lines": [45, 50, 54, 55, 56, 57, 61, 62, 66, 67, 68, 69, 73, 74], "excluded_lines": [], "start_line": 38}, "GenericServiceRecordViewSet": {"executed_lines": [], "summary": {"covered_lines": 0, "num_statements": 1, "percent_covered": 0.0, "percent_covered_display": "0", "missing_lines": 1, "excluded_lines": 0, "percent_statements_covered": 0.0, "percent_statements_covered_display": "0"}, "missing_lines": [84], "excluded_lines": [], "start_line": 77}, "GenericValuationHistoryViewSet": {"executed_lines": [], "summary": {"covered_lines": 0, "num_statements": 1, "percent_covered": 0.0, "percent_covered_display": "0", "missing_lines": 1, "excluded_lines": 0, "percent_statements_covered": 0.0, "percent_statements_covered_display": "0"}, "missing_lines": [94], "excluded_lines": [], "start_line": 87}, "GenericUpgradeViewSet": {"executed_lines": [], "summary": {"covered_lines": 0, "num_statements": 1, "percent_covered": 0.0, "percent_covered_display": "0", "missing_lines": 1, "excluded_lines": 0, "percent_statements_covered": 0.0, "percent_statements_covered_display": "0"}, "missing_lines": [104], "excluded_lines": [], "start_line": 97}, "": {"executed_lines": [3, 4, 5, 6, 8, 16, 17, 18, 27, 28, 29, 31, 34, 38, 39, 40, 41, 42, 44, 49, 52, 53, 64, 65, 77, 78, 79, 80, 81, 83, 87, 88, 89, 90, 91, 93, 97, 98, 99, 100, 101, 103], "summary": {"covered_lines": 42, "num_statements": 42, "percent_covered": 100.0, "percent_covered_display": "100", "missing_lines": 0, "excluded_lines": 0, "percent_statements_covered": 100.0, "percent_statements_covered_display": "100"}, "missing_lines": [], "excluded_lines": [], "start_line": 1}}}, "src/my_garage/apps.py": {"executed_lines": [3, 6, 9, 10, 11, 13, 15], "summary": {"covered_lines": 7, "num_statements": 7, "percent_covered": 100.0, "percent_covered_display": "100", "missing_lines": 0, "excluded_lines": 0, "percent_statements_covered": 100.0, "percent_statements_covered_display": "100"}, "missing_lines": [], "excluded_lines": [], "functions": {"MyGarageConfig.ready": {"executed_lines": [15], "summary": {"covered_lines": 1, "num_statements": 1, "percent_covered": 100.0, "percent_covered_display": "100", "missing_lines": 0, "excluded_lines": 0, "percent_statements_covered": 100.0, "percent_statements_covered_display": "100"}, "missing_lines": [], "excluded_lines": [], "start_line": 13}, "": {"executed_lines": [3, 6, 9, 10, 11, 13], "summary": {"covered_lines": 6, "num_statements": 6, "percent_covered": 100.0, "percent_covered_display": "100", "missing_lines": 0, "excluded_lines": 0, "percent_statements_covered": 100.0, "percent_statements_covered_display": "100"}, "missing_lines": [], "excluded_lines": [], "start_line": 1}}, "classes": {"MyGarageConfig": {"executed_lines": [15], "summary": {"covered_lines": 1, "num_statements": 1, "percent_covered": 100.0, "percent_covered_display": "100", "missing_lines": 0, "excluded_lines": 0, "percent_statements_covered": 100.0, "percent_statements_covered_display": "100"}, "missing_lines": [], "excluded_lines": [], "start_line": 6}, "": {"executed_lines": [3, 6, 9, 10, 11, 13], "summary": {"covered_lines": 6, "num_statements": 6, "percent_covered": 100.0, "percent_covered_display": "100", "missing_lines": 0, "excluded_lines": 0, "percent_statements_covered": 100.0, "percent_statements_covered_display": "100"}, "missing_lines": [], "excluded_lines": [], "start_line": 1}}}, "src/my_garage/collection_urls.py": {"executed_lines": [3, 5, 7, 9], "summary": {"covered_lines": 4, "num_statements": 4, "percent_covered": 100.0, "percent_covered_display": "100", "missing_lines": 0, "excluded_lines": 0, "percent_statements_covered": 100.0, "percent_statements_covered_display": "100"}, "missing_lines": [], "excluded_lines": [], "functions": {"": {"executed_lines": [3, 5, 7, 9], "summary": {"covered_lines": 4, "num_statements": 4, "percent_covered": 100.0, "percent_covered_display": "100", "missing_lines": 0, "excluded_lines": 0, "percent_statements_covered": 100.0, "percent_statements_covered_display": "100"}, "missing_lines": [], "excluded_lines": [], "start_line": 1}}, "classes": {"": {"executed_lines": [3, 5, 7, 9], "summary": {"covered_lines": 4, "num_statements": 4, "percent_covered": 100.0, "percent_covered_display": "100", "missing_lines": 0, "excluded_lines": 0, "percent_statements_covered": 100.0, "percent_statements_covered_display": "100"}, "missing_lines": [], "excluded_lines": [], "start_line": 1}}}, "src/my_garage/context_processors.py": {"executed_lines": [1, 4, 9, 10, 12, 17], "summary": {"covered_lines": 6, "num_statements": 6, "percent_covered": 100.0, "percent_covered_display": "100", "missing_lines": 0, "excluded_lines": 0, "percent_statements_covered": 100.0, "percent_statements_covered_display": "100"}, "missing_lines": [], "excluded_lines": [], "functions": {"user_collections": {"executed_lines": [9, 10, 12, 17], "summary": {"covered_lines": 4, "num_statements": 4, "percent_covered": 100.0, "percent_covered_display": "100", "missing_lines": 0, "excluded_lines": 0, "percent_statements_covered": 100.0, "percent_statements_covered_display": "100"}, "missing_lines": [], "excluded_lines": [], "start_line": 4}, "": {"executed_lines": [1, 4], "summary": {"covered_lines": 2, "num_statements": 2, "percent_covered": 100.0, "percent_covered_display": "100", "missing_lines": 0, "exclude
[...]
 650, 651, 652, 653, 655, 659, 666, 667, 673, 674, 680, 683, 690, 691, 692, 693, 695, 699, 706, 707, 748, 749, 753, 757, 758, 759, 760, 761, 769, 770, 771, 773, 774, 775, 777, 778, 779, 781, 784, 785, 786, 787, 789, 795, 812, 813, 829, 830, 844, 845, 872, 873, 885, 886, 934, 935, 985, 986, 1030, 1031, 1068, 1069, 1114, 1115, 1160, 1161, 1198, 1199, 1205, 1210, 1214, 1221, 1222, 1223, 1224, 1225, 1227, 1241, 1242, 1289, 1290, 1302], "summary": {"covered_lines": 176, "num_statements": 454, "percent_covered": 38.76651982378855, "percent_covered_display": "39", "missing_lines": 278, "excluded_lines": 0, "percent_statements_covered": 38.76651982378855, "percent_statements_covered_display": "39"}, "missing_lines": [113, 117, 118, 120, 131, 132, 134, 136, 137, 138, 140, 142, 143, 147, 148, 150, 151, 152, 153, 164, 165, 166, 168, 170, 171, 173, 174, 175, 177, 178, 179, 180, 190, 191, 193, 195, 196, 198, 200, 203, 204, 207, 235, 236, 237, 239, 242, 243, 244, 245, 246, 247, 248, 250, 252, 272, 275, 286, 287, 289, 290, 291, 302, 303, 306, 308, 309, 310, 312, 313, 314, 315, 318, 319, 320, 321, 322, 323, 327, 328, 332, 334, 336, 344, 346, 347, 349, 351, 352, 353, 355, 356, 357, 359, 361, 362, 363, 364, 366, 367, 368, 369, 370, 371, 377, 378, 382, 384, 386, 410, 412, 416, 417, 419, 438, 439, 440, 444, 469, 472, 473, 474, 475, 476, 477, 478, 602, 606, 613, 614, 615, 616, 617, 619, 713, 714, 716, 719, 726, 727, 729, 730, 731, 733, 734, 735, 736, 737, 738, 739, 740, 741, 742, 743, 744, 745, 818, 824, 835, 841, 849, 854, 858, 859, 860, 877, 882, 893, 894, 896, 899, 906, 907, 908, 910, 911, 912, 914, 915, 926, 927, 928, 929, 930, 931, 941, 944, 951, 952, 953, 954, 955, 956, 957, 959, 960, 962, 964, 965, 971, 973, 992, 995, 1001, 1003, 1004, 1005, 1006, 1007, 1008, 1014, 1016, 1037, 1040, 1046, 1048, 1049, 1050, 1051, 1057, 1075, 1078, 1085, 1086, 1087, 1088, 1089, 1090, 1092, 1093, 1099, 1101, 1121, 1124, 1130, 1132, 1133, 1134, 1135, 1136, 1137, 1143, 1145, 1167, 1170, 1176, 1178, 1179, 1180, 1181, 1187, 1248, 1250, 1252, 1253, 1255, 1257, 1258, 1259, 1261, 1262, 1264, 1267, 1268, 1270, 1271, 1272, 1274, 1276, 1278, 1285, 1286, 1294, 1295, 1296, 1298, 1299, 1306], "excluded_lines": [], "functions": {"legacy_vehicle_detail_redirect": {"executed_lines": [57, 62, 63, 65, 68], "summary": {"covered_lines": 5, "num_statements": 5, "percent_covered": 100.0, "percent_covered_display": "100", "missing_lines": 0, "excluded_lines": 0, "percent_statements_covered": 100.0, "percent_statements_covered_display": "100"}, "missing_lines": [], "excluded_lines": [], "start_line": 53}, "legacy_timepiece_detail_redirect": {"executed_lines": [80, 85, 86, 88, 91], "summary": {"covered_lines": 5, "num_statements": 5, "percent_covered": 100.0, "percent_covered_display": "100", "missing_lines": 0, "excluded_lines": 0, "percent_statements_covered": 100.0, "percent_statements_covered_display": "100"}, "missing_lines": [], "excluded_lines": [], "start_line": 76}, "collection_type_list": {"executed_lines": [108, 111, 112, 122], "summary": {"covered_lines": 4, "num_statements": 8, "percent_covered": 50.0, "percent_covered_display": "50", "missing_lines": 4, "excluded_lines": 0, "percent_statements_covered": 50.0, "percent_statements_covered_display": "50"}, "missing_lines": [113, 117, 118, 120], "excluded_lines": [], "start_line": 104}, "generate_collection_schema": {"executed_lines": [], "summary": {"covered_lines": 0, "num_statements": 15, "percent_covered": 0.0, "percent_covered_display": "0", "missing_lines": 15, "excluded_lines": 0, "percent_statements_covered": 0.0, "percent_statements_covered_display": "0"}, "missing_lines": [131, 132, 134, 136, 137, 138, 140, 142, 143, 147, 148, 150, 151, 152, 153], "excluded_lines": [], "start_line": 126}, "generate_collection_ui": {"executed_lines": [], "summary": {"covered_lines": 0, "num_statements": 13, "percent_covered": 0.0, "percent_covered_display": "0", "missing_lines": 13, "excluded_lines": 0, "percent_statements_covered": 0.0, "percent_statements_covered_display": "0"}, "missing_lines": [164, 165, 166, 168, 170, 171, 173, 174, 175, 177, 178, 179, 180], "excluded_lines": [], "start_line": 159}, "preview_collection_ui": {"executed_lines": [], "summary": {"covered_lines": 0, "num_statements": 29, "percent_covered": 0.0, "percent_covered_display": "0", "missing_lines": 29, "excluded_lines": 0, "percent_statements_covered": 0.0, "percent_statements_covered_display": "0"}, "missing_lines": [190, 191, 193, 195, 196, 198, 200, 203, 204, 207, 235, 236, 239, 242, 243, 244, 245, 246, 247, 248, 250, 252, 272, 275, 286, 287, 289, 290, 291], "excluded_lines": [], "start_line": 185}, "preview_collection_ui.MockItems.count": {"executed_lines": [], "summary": {"covered_lines": 0, "num_statements": 1, "percent_covered": 0.0, "percent_covered_display": "0", "missing_lines": 1, "excluded_lines": 0, "percent_statements_covered": 0.0, "percent_statements_covered_display": "0"}, "missing_lines": [237], "excluded_lines": [], "start_line": 236}, "collection_type_create": {"executed_lines": [], "summary": {"covered_lines": 0, "num_statements": 21, "percent_covered": 0.0, "percent_covered_display": "0", "missing_lines": 21, "excluded_lines": 0, "percent_statements_covered": 0.0, "percent_statements_covered_display": "0"}, "missing_lines": [302, 303, 306, 308, 309, 310, 312, 313, 314, 315, 318, 319, 320, 321, 322, 323, 327, 328, 332, 334, 336], "excluded_lines": [], "start_line": 298}, "collection_type_edit": {"executed_lines": [], "summary": {"covered_lines": 0, "num_statements": 26, "percent_covered": 0.0, "percent_covered_display": "0", "missing_lines": 26, "excluded_lines": 0, "percent_statements_covered": 0.0, "percent_statements_covered_display": "0"}, "missing_lines": [344, 346, 347, 349, 351, 352, 353, 355, 356, 357, 359, 361, 362, 363, 364, 366, 367, 368, 369, 370, 371, 377, 378, 382, 384, 386], "excluded_lines": [], "start_line": 340}, "collection_list": {"executed_lines": [398, 402, 406, 409, 448], "summary": {"covered_lines": 5, "num_statements": 14, "percent_covered": 35.714285714285715, "percent_covered_display": "36", "missing_lines": 9, "excluded_lines": 0, "percent_statements_covered": 35.714285714285715, "percent_statements_covered_display": "36"}, "missing_lines": [410, 412, 416, 417, 419, 438, 439, 440, 444], "excluded_lines": [], "start_line": 394}, "collection_item_add": {"executed_lines": [464, 468, 482, 484], "summary": {"covered_lines": 4, "num_statements": 12, "percent_covered": 33.333333333333336, "percent_covered_display": "33", "missing_lines": 8, "excluded_lines": 0, "percent_statements_covered": 33.333333333333336, "percent_statements_covered_display": "33"}, "missing_lines": [469, 472, 473, 474, 475, 476, 477, 478], "excluded_lines": [], "start_line": 460}, "collection_item_detail": {"executed_lines": [498, 502, 510, 511, 512, 515, 516, 518, 519, 522, 523, 524, 525, 531, 534, 535, 539, 540, 547, 555, 558, 566, 568, 569, 573], "summary": {"covered_lines": 25, "num_statements": 25, "percent_covered": 100.0, "percent_covered_display": "100", "missing_lines": 0, "excluded_lines": 0, "percent_statements_covered": 100.0, "percent_statements_covered_display": "100"}, "missing_lines": [], "excluded_lines": [], "start_line": 492}, "collection_item_delete": {"executed_lines": [], "summary": {"covered_lines": 0, "num_statements": 8, "percent_covered": 0.0, "percent_covered_display": "0", "missing_lines": 8, "excluded_lines": 0, "percent_statements_covered": 0.0, "percent_statements_covered_display": "0"}, "missing_lines": [602, 606, 613, 614, 615, 616, 617, 619], "excluded_lines": [], "start_line": 596}, "collection_item_trigger_valuation": {"executed_lines": [633, 634, 640, 643, 650, 651, 652, 653, 655, 659], "summary": {"covered_lines": 10, "num_statements": 10, "percent_covered": 100.0, "percent_covered_display": "100", "missing_lines": 0, "excluded_lines": 0, "percent_statements_covered": 100.0, "percent_statements_covered_display": "100"}, "missing_lines": [], "excluded_lines": [], "start_line": 627}, "collection_item_trigger_enrich": {"executed_lines": [673, 674, 680, 683, 690, 691, 692, 693, 695, 699], "summary": {"covered_lines": 10, "num_statements": 10, "percent_covered": 100.0, "percent_covered_display": "100", "missing_lines": 0, "excluded_lines": 0, "percent_statements_covered": 100.0, "percent_statements_covered_display": "100"}, "missing_lines": [], "excluded_lines": [], "start_line": 667}, "collection_item_generate_description": {"executed_lines": [], "summary": {"covered_lines": 0, "num_statements": 22, "percent_covered": 0.0, "percent_covered_display": "0", "missing_lines": 22, "excluded_lines": 0, "percent_statements_covered": 0.0, "percent_statements_covered_display": "0"}, "missing_lines": [713, 714, 716, 719, 726, 727, 729, 730, 731, 733, 734, 735, 736, 737, 738, 739, 740, 741, 742, 743, 744, 745], "excluded_lines": [], "start_line": 707}, "portfolio_insights": {"executed_lines": [753, 757, 758, 759, 760, 761, 769, 770, 771, 773, 774, 775, 777, 778, 779, 781, 784, 785, 786, 787, 789, 795], "summary": {"covered_lines": 22, "num_statements": 22, "percent_covered": 100.0, "percent_covered_display": "100", "missing_lines": 0, "excluded_lines": 0, "percent_statements_covered": 100.0, "percent_statements_covered_display": "100"}, "missing_lines": [], "excluded_lines": [], "start_line": 749}, "all_services_view": {"executed_lines": [], "summary": {"covered_lines": 0, "num_statements": 2, "percent_covered": 0.0, "percent_covered_display": "0", "missing_lines": 2, "excluded_lines": 0, "percent_statements_covered": 0.0, "percent_statements_covered_display": "0"}, "missing_lines": [818, 824], "excluded_lines": [], "start_line": 813}, "all_upgrades_view": {"executed_lines": [], "summary": {"covered_lines": 0, "num_statements": 2, "percent_covered": 0.0, "percent_covered_display": "0", "missing_lines": 2, "excluded_lines": 0, "percent_statements_covered": 0.0, "percent_statements_covered_display": "0"}, "missing_lines": [835, 841], "excluded_lines": [], "start_line": 830}, "all_items_view": {"executed_lines": [], "summary": {"covered_lines": 0, "num_statements": 5, "percent_covered": 0.0, "percent_covered_display": "0", "missing_lines": 5, "excluded_lines": 0, "percent_statements_covered": 0.0, "percent_statements_covered_display": "0"}, "missing_lines": [849, 854, 858, 859, 860], "excluded_lines": [], "start_line": 845}, "all_valuations_view": {"executed_lines": [], "summary": {"covered_lines": 0, "num_statements": 2, "percent_covered": 0.0, "percent_covered_display": "0", "missing_lines": 2, "excluded_lines": 0, "percent_statements_covered": 0.0, "percent_statements_covered_display": "0"}, "missing_lines": [877, 882], "excluded_lines": [], "start_line": 873}, "collection_item_ocr_receipt": {"executed_lines": [], "summary": {"covered_lines": 0, "num_statements": 18, "percent_covered": 0.0, "percent_covered_display": "0", "missing_lines": 18, "excluded_lines": 0, "percent_statements_covered": 0.0, "percent_statements_covered_display": "0"}, "missing_lines": [893, 894, 896, 899, 906, 907, 908, 910, 911, 912, 914, 915, 926, 927, 928, 929, 930, 931], "excluded_lines": [], "start_line": 886}, "collection_item_add_service": {"executed_lines": [], "summary": {"covered_lines": 0, "num_statements": 16, "percent_covered": 0.0, "percent_covered_display": "0", "missing_lines": 16, "excluded_lines": 0, "percent_statements_covered": 0.0, "percent_statements_covered_display": "0"}, "missing_lines": [941, 944, 951, 952, 953, 954, 955, 956, 957, 959, 960, 962, 964, 965, 971, 973], "excluded_lines": [], "start_line": 935}, "collection_item_edit_service": {"executed_lines": [], "summary": {"covered_lines": 0, "num_statements": 11, "percent_covered": 0.0, "percent_covered_display": "0", "missing_lines": 11, "excluded_lines": 0, "percent_statements_covered": 0.0, "percent_statements_covered_display": "0"}, "missing_lines": [992, 995, 1001, 1003, 1004, 1005, 1006, 1007, 1008, 1014, 1016], "excluded_lines": [], "start_line": 986}, "collection_item_delete_service": {"executed_lines": [], "summary": {"covered_lines": 0, "num_statements": 8, "percent_covered": 0.0, "percent_covered_display": "0", "missing_lines": 8, "excluded_lines": 0, "percent_statements_covered": 0.0, "percent_statements_covered_display": "0"}, "missing_lines": [1037, 1040, 1046, 1048, 1049, 1050, 1051, 1057], "excluded_lines": [], "start_line": 1031}, "collection_item_add_upgrade": {"executed_lines": [], "summary": {"covered_lines": 0, "num_statements": 12, "percent_covered": 0.0, "percent_covered_display": "0", "missing_lines": 12, "excluded_lines": 0, "percent_statements_covered": 0.0, "percent_statements_covered_display": "0"}, "missing_lines": [1075, 1078, 1085, 1086, 1087, 1088, 1089, 1090, 1092, 1093, 1099, 1101], "excluded_lines": [], "start_line": 1069}, "collection_item_edit_upgrade": {"executed_lines": [], "summary": {"covered_lines": 0, "num_statements": 11, "percent_covered": 0.0, "percent_covered_display": "0", "missing_lines": 11, "excluded_lines": 0, "percent_statements_covered": 0.0, "percent_statements_covered_display": "0"}, "missing_lines": [1121, 1124, 1130, 1132, 1133, 1134, 1135, 1136, 1137, 1143, 1145], "excluded_lines": [], "start_line": 1115}, "collection_item_delete_upgrade": {"executed_lines": [], "summary": {"covered_lines": 0, "num_statements": 8, "percent_covered": 0.0, "percent_covered_display": "0", "missing_lines": 8, "excluded_lines": 0, "percent_statements_covered": 0.0, "percent_statements_covered_display": "0"}, "missing_lines": [1167, 1170, 1176, 1178, 1179, 1180, 1181, 1187], "excluded_lines": [], "start_line": 1161}, "collection_upgrades_kanban": {"executed_lines": [1205, 1210, 1214, 1221, 1222, 1223, 1224, 1225, 1227], "summary": {"covered_lines": 9, "num_statements": 9, "percent_covered": 100.0, "percent_covered_display": "100", "missing_lines": 0, "excluded_lines": 0, "percent_statements_covered": 100.0, "percent_statements_covered_display": "100"}, "missing_lines": [], "excluded_lines": [], "start_line": 1199}, "collection_upgrade_update_status": {"executed_lines": [], "summary": {"covered_lines": 0, "num_statements": 21, "percent_covered": 0.0, "percent_covered_display": "0", "missing_lines": 21, "excluded_lines": 0, "percent_statements_covered": 0.0, "percent_statements_covered_display": "0"}, "missing_lines": [1248, 1250, 1252, 1253, 1255, 1257, 1258, 1259, 1261, 1262, 1264, 1267, 1268, 1270, 1271, 1272, 1274, 1276, 1278, 1285, 1286], "excluded_lines": [], "start_line": 1242}, "global_search_view": {"executed_lines": [], "summary": {"covered_lines": 0, "num_statements": 5, "percent_covered": 0.0, "percent_covered_display": "0", "missing_lines": 5, "excluded_lines": 0, "percent_statements_covered": 0.0, "percent_statements_covered_display": "0"}, "missing_lines": [1294, 1295, 1296, 1298, 1299], "excluded_lines": [], "start_line": 1290}, "button_test_view": {"executed_lines": [], "summary": {"covered_lines": 0, "num_statements": 1, "percent_covered": 0.0, "percent_covered_display": "0", "missing_lines": 1, "excluded_lines": 0, "percent_statements_covered": 0.0, "percent_statements_covered_display": "0"}, "missing_lines": [1306], "excluded_lines": [], "start_line": 1302}, "": {"executed_lines": [1, 3, 4, 5, 6, 7, 8, 9, 11, 19, 27, 34, 35, 36, 41, 52, 53, 75, 76, 103, 104, 125, 126, 158, 159, 183, 184, 185, 297, 298, 339, 340, 393, 394, 459, 460, 491, 492, 595, 596, 626, 627, 666, 667, 706, 707, 748, 749, 812, 813, 829, 830, 844, 845, 872, 873, 885, 886, 934, 935, 985, 986, 1030, 1031, 1068, 1069, 1114, 1115, 1160, 1161, 1198, 1199, 1241, 1242, 1289, 1290, 1302], "summary": {"covered_lines": 77, "num_statements": 77, "percent_covered": 100.0, "percent_covered_display": "100", "missing_lines": 0, "excluded_lines": 0, "percent_statements_covered": 100.0, "percent_statements_covered_display": "100"}, "missing_lines": [], "excluded_lines": [], "start_line": 1}}, "classes": {"preview_collection_ui.MockPhoto": {"executed_lines": [], "summary": {"covered_lines": 0, "num_statements": 0, "percent_covered": 100.0, "percent_covered_display": "100", "missing_lines": 0, "excluded_lines": 0, "percent_statements_covered": 100.0, "percent_statements_covered_display": "100"}, "missing_lines": [], "excluded_lines": [], "start_line": 203}, "preview_collection_ui.MockItems": {"executed_lines": [], "summary": {"covered_lines": 0, "num_statements": 1, "percent_covered": 0.0, "percent_covered_display": "0", "missing_lines": 1, "excluded_lines": 0, "percent_statements_covered": 0.0, "percent_statements_covered_display": "0"}, "missing_lines": [237], "excluded_lines": [], "start_line": 235}, "preview_collection_ui.MockCollectionType": {"executed_lines": [], "summary": {"covered_lines": 0, "num_statements": 0, "percent_covered": 100.0, "percent_covered_display": "100", "missing_lines": 0, "excluded_lines": 0, "percent_statements_covered": 100.0, "percent_statements_covered_display": "100"}, "missing_lines": [], "excluded_lines": [], "start_line": 242}, "": {"executed_lines": [1, 3, 4, 5, 6, 7, 8, 9, 11, 19, 27, 34, 35, 36, 41, 52, 53, 57, 62, 63, 65, 68, 75, 76, 80, 85, 86, 88, 91, 103, 104, 108, 111, 112, 122, 125, 126, 158, 159, 183, 184, 185, 297, 298, 339, 340, 393, 394, 398, 402, 406, 409, 448, 459, 460, 464, 468, 482, 484, 491, 492, 498, 502, 510, 511, 512, 515, 516, 518, 519, 522, 523, 524, 525, 531, 534, 535, 539, 540, 547, 555, 558, 566, 568, 569, 573, 595, 596, 626, 627, 633, 634, 640, 643, 650, 651, 652, 653, 655, 659, 666, 667, 673, 674, 680, 683, 690, 691, 692, 693, 695, 699, 706, 707, 748, 749, 753, 757, 758, 759, 760, 761, 769, 770, 771, 773, 774, 775, 777, 778, 779, 781, 784, 785, 786, 787, 789, 795, 812, 813, 829, 830, 844, 845, 872, 873, 885, 886, 934, 935, 985, 986, 1030, 1031, 1068, 1069, 1114, 1115, 1160, 1161, 1198, 1199, 1205, 1210, 1214, 1221, 1222, 1223, 1224, 1225, 1227, 1241, 1242, 1289, 1290, 1302], "summary": {"covered_lines": 176, "num_statements": 453, "percent_covered": 38.852097130242825, "percent_covered_display": "39", "missing_lines": 277, "excluded_lines": 0, "percent_statements_covered": 38.852097130242825, "percent_statements_covered_display": "39"}, "missing_lines": [113, 117, 118, 120, 131, 132, 134, 136, 137, 138, 140, 142, 143, 147, 148, 150, 151, 152, 153, 164, 165, 166, 168, 170, 171, 173, 174, 175, 177, 178, 179, 180, 190, 191, 193, 195, 196, 198, 200, 203, 204, 207, 235, 236, 239, 242, 243, 244, 245, 246, 247, 248, 250, 252, 272, 275, 286, 287, 289, 290, 291, 302, 303, 306, 308, 309, 310, 312, 313, 314, 315, 318, 319, 320, 321, 322, 323, 327, 328, 332, 334, 336, 344, 346, 347, 349, 351, 352, 353, 355, 356, 357, 359, 361, 362, 363, 364, 366, 367, 368, 369, 370, 371, 377, 378, 382, 384, 386, 410, 412, 416, 417, 419, 438, 439, 440, 444, 469, 472, 473, 474, 475, 476, 477, 478, 602, 606, 613, 614, 615, 616, 617, 619, 713, 714, 716, 719, 726, 727, 729, 730, 731, 733, 734, 735, 736, 737, 738, 739, 740, 741, 742, 743, 744, 745, 818, 824, 835, 841, 849, 854, 858, 859, 860, 877, 882, 893, 894, 896, 899, 906, 907, 908, 910, 911, 912, 914, 915, 926, 927, 928, 929, 930, 931, 941, 944, 951, 952, 953, 954, 955, 956, 957, 959, 960, 962, 964, 965, 971, 973, 992, 995, 1001, 1003, 1004, 1005, 1006, 1007, 1008, 1014, 1016, 1037, 1040, 1046, 1048, 1049, 1050, 1051, 1057, 1075, 1078, 1085, 1086, 1087, 1088, 1089, 1090, 1092, 1093, 1099, 1101, 1121, 1124, 1130, 1132, 1133, 1134, 1135, 1136, 1137, 1143, 1145, 1167, 1170, 1176, 1178, 1179, 1180, 1181, 1187, 1248, 1250, 1252, 1253, 1255, 1257, 1258, 1259, 1261, 1262, 1264, 1267, 1268, 1270, 1271, 1272, 1274, 1276, 1278, 1285, 1286, 1294, 1295, 1296, 1298, 1299, 1306], "excluded_lines": [], "start_line": 1}}}}, "totals": {"covered_lines": 1728, "num_statements": 2949, "percent_covered": 58.59613428280773, "percent_covered_display": "59", "missing_lines": 1221, "excluded_lines": 10, "percent_statements_covered": 58.59613428280773, "percent_statements_covered_display": "59"}}